cat: /home/dhodgins/kdbrun/pid/tp.q.port: No such file or directory
2016.10.12D16:08:38.024370204 INFO tp port is 12614
`VOD`HSBA`BP`nae`jad`noj`ken`hda`mfm`hph`oia`kfl`bbb`ogo`jnd`blp`afk`lac`iah`iaj`kcj`ofk`dbb`mij`lae`bae`aaj`mnp`fmg`bhn`amm`aom`kec`bnj`kon`hdm`gja`ddm`eae`oco`khd`dga`eob`iog`edg`kio`gme`iko`cje`..
2016.10.12D15:08:38.048378000 INFO connecting to tp `::12614
2016.10.12D15:08:38.048915000 INFO sending auctions
"sending auctions"
(::;::;::;::;::;::;::;::;::;::;::;::;::;::;::;::;::;::;::;::;::;::;::;::;::;::;::;::;::;::;::;::;::;::;::;::;::;::;::;::;::;::;::;::;::;::;::;::;::;::;::;::;::;::;::;::;::;::;::;::;::;::;::;::;::;:..
2016.10.12D15:08:38.052139000 INFO sending trades
"sending trades"
2016.10.12D15:08:38.052427000 INFO listening on port 26314
2016.10.12D15:08:38.052826000 INFO my pid is 14174
2016.10.12D15:08:38.065375000 INFO sending trade batch 1530
2016.10.12D15:08:38.089247000 INFO sending trade batch 1529
2016.10.12D15:08:38.114077000 INFO sending trade batch 1528
2016.10.12D15:08:38.130129000 INFO sending trade batch 1527
2016.10.12D15:08:38.151442000 INFO sending trade batch 1526
2016.10.12D15:08:38.161499000 INFO sending trade batch 1525
2016.10.12D15:08:38.173791000 INFO sending trade batch 1524
2016.10.12D15:08:38.186527000 INFO sending trade batch 1523
2016.10.12D15:08:38.205289000 INFO sending trade batch 1522
2016.10.12D15:08:38.221319000 INFO sending trade batch 1521
2016.10.12D15:08:38.234203000 INFO sending trade batch 1520
2016.10.12D15:08:38.242281000 INFO sending trade batch 1519
2016.10.12D15:08:38.253517000 INFO sending trade batch 1518
2016.10.12D15:08:38.262666000 INFO sending trade batch 1517
2016.10.12D15:08:38.275851000 INFO sending trade batch 1516
2016.10.12D15:08:38.288250000 INFO sending trade batch 1515
2016.10.12D15:08:38.293555000 INFO sending trade batch 1514
2016.10.12D15:08:38.300642000 INFO sending trade batch 1513
2016.10.12D15:08:38.305541000 INFO sending trade batch 1512
2016.10.12D15:08:38.311957000 INFO sending trade batch 1511
2016.10.12D15:08:38.318650000 INFO sending trade batch 1510
2016.10.12D15:08:38.329286000 INFO sending trade batch 1509
2016.10.12D15:08:38.335515000 INFO sending trade batch 1508
2016.10.12D15:08:38.344470000 INFO sending trade batch 1507
2016.10.12D15:08:38.353194000 INFO sending trade batch 1506
2016.10.12D15:08:38.363955000 INFO sending trade batch 1505
2016.10.12D15:08:38.369454000 INFO sending trade batch 1504
2016.10.12D15:08:38.381452000 INFO sending trade batch 1503
2016.10.12D15:08:38.393140000 INFO sending trade batch 1502
2016.10.12D15:08:38.401580000 INFO sending trade batch 1501
2016.10.12D15:08:38.406284000 INFO sending trade batch 1500
2016.10.12D15:08:38.417088000 INFO sending trade batch 1499
2016.10.12D15:08:38.429124000 INFO sending trade batch 1498
2016.10.12D15:08:38.433785000 INFO sending trade batch 1497
2016.10.12D15:08:38.442913000 INFO sending trade batch 1496
2016.10.12D15:08:38.447505000 INFO sending trade batch 1495
2016.10.12D15:08:38.458886000 INFO sending trade batch 1494
2016.10.12D15:08:38.465856000 INFO sending trade batch 1493
2016.10.12D15:08:38.470716000 INFO sending trade batch 1492
2016.10.12D15:08:38.480150000 INFO sending trade batch 1491
2016.10.12D15:08:38.485336000 INFO sending trade batch 1490
2016.10.12D15:08:38.489033000 INFO sending trade batch 1489
2016.10.12D15:08:38.493899000 INFO sending trade batch 1488
2016.10.12D15:08:38.501616000 INFO sending trade batch 1487
2016.10.12D15:08:38.510414000 INFO sending trade batch 1486
2016.10.12D15:08:38.518637000 INFO sending trade batch 1485
2016.10.12D15:08:38.522603000 INFO sending trade batch 1484
2016.10.12D15:08:38.531318000 INFO sending trade batch 1483
2016.10.12D15:08:38.538564000 INFO sending trade batch 1482
2016.10.12D15:08:38.543489000 INFO sending trade batch 1481
2016.10.12D15:08:38.548332000 INFO sending trade batch 1480
2016.10.12D15:08:38.554852000 INFO sending trade batch 1479
2016.10.12D15:08:38.563502000 INFO sending trade batch 1478
2016.10.12D15:08:38.567946000 INFO sending trade batch 1477
2016.10.12D15:08:38.574442000 INFO sending trade batch 1476
2016.10.12D15:08:38.581497000 INFO sending trade batch 1475
2016.10.12D15:08:38.590137000 INFO sending trade batch 1474
2016.10.12D15:08:38.599590000 INFO sending trade batch 1473
2016.10.12D15:08:38.607207000 INFO sending trade batch 1472
2016.10.12D15:08:38.613226000 INFO sending trade batch 1471
2016.10.12D15:08:38.619936000 INFO sending trade batch 1470
2016.10.12D15:08:38.628784000 INFO sending trade batch 1469
2016.10.12D15:08:38.635202000 INFO sending trade batch 1468
2016.10.12D15:08:38.643340000 INFO sending trade batch 1467
2016.10.12D15:08:38.652828000 INFO sending trade batch 1466
2016.10.12D15:08:38.658144000 INFO sending trade batch 1465
2016.10.12D15:08:38.666646000 INFO sending trade batch 1464
2016.10.12D15:08:38.675054000 INFO sending trade batch 1463
2016.10.12D15:08:38.682038000 INFO sending trade batch 1462
2016.10.12D15:08:38.688732000 INFO sending trade batch 1461
2016.10.12D15:08:38.691876000 INFO sending trade batch 1460
2016.10.12D15:08:38.698051000 INFO sending trade batch 1459
2016.10.12D15:08:38.705530000 INFO sending trade batch 1458
2016.10.12D15:08:38.713873000 INFO sending trade batch 1457
2016.10.12D15:08:38.719554000 INFO sending trade batch 1456
2016.10.12D15:08:38.729002000 INFO sending trade batch 1455
2016.10.12D15:08:38.733610000 INFO sending trade batch 1454
2016.10.12D15:08:38.740206000 INFO sending trade batch 1453
2016.10.12D15:08:38.745377000 INFO sending trade batch 1452
2016.10.12D15:08:38.753182000 INFO sending trade batch 1451
2016.10.12D15:08:38.759242000 INFO sending trade batch 1450
2016.10.12D15:08:38.765511000 INFO sending trade batch 1449
2016.10.12D15:08:38.774364000 INFO sending trade batch 1448
2016.10.12D15:08:38.783007000 INFO sending trade batch 1447
2016.10.12D15:08:38.790296000 INFO sending trade batch 1446
2016.10.12D15:08:38.798129000 INFO sending trade batch 1445
2016.10.12D15:08:38.806948000 INFO sending trade batch 1444
2016.10.12D15:08:38.811043000 INFO sending trade batch 1443
2016.10.12D15:08:38.818529000 INFO sending trade batch 1442
2016.10.12D15:08:38.825442000 INFO sending trade batch 1441
2016.10.12D15:08:38.831703000 INFO sending trade batch 1440
2016.10.12D15:08:38.841042000 INFO sending trade batch 1439
2016.10.12D15:08:38.846749000 INFO sending trade batch 1438
2016.10.12D15:08:38.854285000 INFO sending trade batch 1437
2016.10.12D15:08:38.857742000 INFO sending trade batch 1436
2016.10.12D15:08:38.860698000 INFO sending trade batch 1435
2016.10.12D15:08:38.868507000 INFO sending trade batch 1434
2016.10.12D15:08:38.874511000 INFO sending trade batch 1433
2016.10.12D15:08:38.878616000 INFO sending trade batch 1432
2016.10.12D15:08:38.887685000 INFO sending trade batch 1431
2016.10.12D15:08:38.893855000 INFO sending trade batch 1430
2016.10.12D15:08:38.902114000 INFO sending trade batch 1429
2016.10.12D15:08:38.911277000 INFO sending trade batch 1428
2016.10.12D15:08:38.920619000 INFO sending trade batch 1427
2016.10.12D15:08:38.926322000 INFO sending trade batch 1426
2016.10.12D15:08:38.935035000 INFO sending trade batch 1425
2016.10.12D15:08:38.943575000 INFO sending trade batch 1424
2016.10.12D15:08:38.951093000 INFO sending trade batch 1423
2016.10.12D15:08:38.954820000 INFO sending trade batch 1422
2016.10.12D15:08:38.960827000 INFO sending trade batch 1421
2016.10.12D15:08:38.966594000 INFO sending trade batch 1420
2016.10.12D15:08:38.976493000 INFO sending trade batch 1419
2016.10.12D15:08:38.983412000 INFO sending trade batch 1418
2016.10.12D15:08:38.990942000 INFO sending trade batch 1417
2016.10.12D15:08:39.000172000 INFO sending trade batch 1416
2016.10.12D15:08:39.005350000 INFO sending trade batch 1415
2016.10.12D15:08:39.010938000 INFO sending trade batch 1414
2016.10.12D15:08:39.016792000 INFO sending trade batch 1413
2016.10.12D15:08:39.022297000 INFO sending trade batch 1412
2016.10.12D15:08:39.026594000 INFO sending trade batch 1411
2016.10.12D15:08:39.030056000 INFO sending trade batch 1410
2016.10.12D15:08:39.040606000 INFO sending trade batch 1409
2016.10.12D15:08:39.046397000 INFO sending trade batch 1408
2016.10.12D15:08:39.052514000 INFO sending trade batch 1407
2016.10.12D15:08:39.057702000 INFO sending trade batch 1406
2016.10.12D15:08:39.067134000 INFO sending trade batch 1405
2016.10.12D15:08:39.076769000 INFO sending trade batch 1404
2016.10.12D15:08:39.080615000 INFO sending trade batch 1403
2016.10.12D15:08:39.089602000 INFO sending trade batch 1402
2016.10.12D15:08:39.096633000 INFO sending trade batch 1401
2016.10.12D15:08:39.099967000 INFO sending trade batch 1400
2016.10.12D15:08:39.109200000 INFO sending trade batch 1399
2016.10.12D15:08:39.112478000 INFO sending trade batch 1398
2016.10.12D15:08:39.118577000 INFO sending trade batch 1397
2016.10.12D15:08:39.126757000 INFO sending trade batch 1396
2016.10.12D15:08:39.136399000 INFO sending trade batch 1395
2016.10.12D15:08:39.144767000 INFO sending trade batch 1394
2016.10.12D15:08:39.152384000 INFO sending trade batch 1393
2016.10.12D15:08:39.156297000 INFO sending trade batch 1392
2016.10.12D15:08:39.160319000 INFO sending trade batch 1391
2016.10.12D15:08:39.163797000 INFO sending trade batch 1390
2016.10.12D15:08:39.170725000 INFO sending trade batch 1389
2016.10.12D15:08:39.175915000 INFO sending trade batch 1388
2016.10.12D15:08:39.183095000 INFO sending trade batch 1387
2016.10.12D15:08:39.189874000 INFO sending trade batch 1386
2016.10.12D15:08:39.202578000 INFO sending trade batch 1385
2016.10.12D15:08:39.208600000 INFO sending trade batch 1384
2016.10.12D15:08:39.218147000 INFO sending trade batch 1383
2016.10.12D15:08:39.223218000 INFO sending trade batch 1382
2016.10.12D15:08:39.229017000 INFO sending trade batch 1381
2016.10.12D15:08:39.236496000 INFO sending trade batch 1380
2016.10.12D15:08:39.245631000 INFO sending trade batch 1379
2016.10.12D15:08:39.253103000 INFO sending trade batch 1378
2016.10.12D15:08:39.256344000 INFO sending trade batch 1377
2016.10.12D15:08:39.261540000 INFO sending trade batch 1376
2016.10.12D15:08:39.269581000 INFO sending trade batch 1375
2016.10.12D15:08:39.273271000 INFO sending trade batch 1374
2016.10.12D15:08:39.282734000 INFO sending trade batch 1373
2016.10.12D15:08:39.286594000 INFO sending trade batch 1372
2016.10.12D15:08:39.295069000 INFO sending trade batch 1371
2016.10.12D15:08:39.304423000 INFO sending trade batch 1370
2016.10.12D15:08:39.313994000 INFO sending trade batch 1369
2016.10.12D15:08:39.321103000 INFO sending trade batch 1368
2016.10.12D15:08:39.326977000 INFO sending trade batch 1367
2016.10.12D15:08:39.331721000 INFO sending trade batch 1366
2016.10.12D15:08:39.339835000 INFO sending trade batch 1365
2016.10.12D15:08:39.350546000 INFO sending trade batch 1364
2016.10.12D15:08:39.359726000 INFO sending trade batch 1363
2016.10.12D15:08:39.368488000 INFO sending trade batch 1362
2016.10.12D15:08:39.378336000 INFO sending trade batch 1361
2016.10.12D15:08:39.383022000 INFO sending trade batch 1360
2016.10.12D15:08:39.387734000 INFO sending trade batch 1359
2016.10.12D15:08:39.396927000 INFO sending trade batch 1358
2016.10.12D15:08:39.403263000 INFO sending trade batch 1357
2016.10.12D15:08:39.412205000 INFO sending trade batch 1356
2016.10.12D15:08:39.415788000 INFO sending trade batch 1355
2016.10.12D15:08:39.419943000 INFO sending trade batch 1354
2016.10.12D15:08:39.423169000 INFO sending trade batch 1353
2016.10.12D15:08:39.432671000 INFO sending trade batch 1352
2016.10.12D15:08:39.441347000 INFO sending trade batch 1351
2016.10.12D15:08:39.447360000 INFO sending trade batch 1350
2016.10.12D15:08:39.451307000 INFO sending trade batch 1349
2016.10.12D15:08:39.455695000 INFO sending trade batch 1348
2016.10.12D15:08:39.464349000 INFO sending trade batch 1347
2016.10.12D15:08:39.471874000 INFO sending trade batch 1346
2016.10.12D15:08:39.474899000 INFO sending trade batch 1345
2016.10.12D15:08:39.481744000 INFO sending trade batch 1344
2016.10.12D15:08:39.486084000 INFO sending trade batch 1343
2016.10.12D15:08:39.494865000 INFO sending trade batch 1342
2016.10.12D15:08:39.497934000 INFO sending trade batch 1341
2016.10.12D15:08:39.501414000 INFO sending trade batch 1340
2016.10.12D15:08:39.505126000 INFO sending trade batch 1339
2016.10.12D15:08:39.511225000 INFO sending trade batch 1338
2016.10.12D15:08:39.519167000 INFO sending trade batch 1337
2016.10.12D15:08:39.526123000 INFO sending trade batch 1336
2016.10.12D15:08:39.534524000 INFO sending trade batch 1335
2016.10.12D15:08:39.543141000 INFO sending trade batch 1334
2016.10.12D15:08:39.546366000 INFO sending trade batch 1333
2016.10.12D15:08:39.552730000 INFO sending trade batch 1332
2016.10.12D15:08:39.558225000 INFO sending trade batch 1331
2016.10.12D15:08:39.565637000 INFO sending trade batch 1330
2016.10.12D15:08:39.572592000 INFO sending trade batch 1329
2016.10.12D15:08:39.580177000 INFO sending trade batch 1328
2016.10.12D15:08:39.587039000 INFO sending trade batch 1327
2016.10.12D15:08:39.593931000 INFO sending trade batch 1326
2016.10.12D15:08:39.601788000 INFO sending trade batch 1325
2016.10.12D15:08:39.608203000 INFO sending trade batch 1324
2016.10.12D15:08:39.616052000 INFO sending trade batch 1323
2016.10.12D15:08:39.621111000 INFO sending trade batch 1322
2016.10.12D15:08:39.627628000 INFO sending trade batch 1321
2016.10.12D15:08:39.630705000 INFO sending trade batch 1320
2016.10.12D15:08:39.635122000 INFO sending trade batch 1319
2016.10.12D15:08:39.644372000 INFO sending trade batch 1318
2016.10.12D15:08:39.653352000 INFO sending trade batch 1317
2016.10.12D15:08:39.656801000 INFO sending trade batch 1316
2016.10.12D15:08:39.664586000 INFO sending trade batch 1315
2016.10.12D15:08:39.672950000 INFO sending trade batch 1314
2016.10.12D15:08:39.682271000 INFO sending trade batch 1313
2016.10.12D15:08:39.686675000 INFO sending trade batch 1312
2016.10.12D15:08:39.695962000 INFO sending trade batch 1311
2016.10.12D15:08:39.704639000 INFO sending trade batch 1310
2016.10.12D15:08:39.708301000 INFO sending trade batch 1309
2016.10.12D15:08:39.717656000 INFO sending trade batch 1308
2016.10.12D15:08:39.726945000 INFO sending trade batch 1307
2016.10.12D15:08:39.733973000 INFO sending trade batch 1306
2016.10.12D15:08:39.741330000 INFO sending trade batch 1305
2016.10.12D15:08:39.746466000 INFO sending trade batch 1304
2016.10.12D15:08:39.750477000 INFO sending trade batch 1303
2016.10.12D15:08:39.757332000 INFO sending trade batch 1302
2016.10.12D15:08:39.765312000 INFO sending trade batch 1301
2016.10.12D15:08:39.774744000 INFO sending trade batch 1300
2016.10.12D15:08:39.778589000 INFO sending trade batch 1299
2016.10.12D15:08:39.786490000 INFO sending trade batch 1298
2016.10.12D15:08:39.793111000 INFO sending trade batch 1297
2016.10.12D15:08:39.800885000 INFO sending trade batch 1296
2016.10.12D15:08:39.807670000 INFO sending trade batch 1295
2016.10.12D15:08:39.812076000 INFO sending trade batch 1294
2016.10.12D15:08:39.815451000 INFO sending trade batch 1293
2016.10.12D15:08:39.819949000 INFO sending trade batch 1292
2016.10.12D15:08:39.823293000 INFO sending trade batch 1291
2016.10.12D15:08:39.829745000 INFO sending trade batch 1290
2016.10.12D15:08:39.834738000 INFO sending trade batch 1289
2016.10.12D15:08:39.840554000 INFO sending trade batch 1288
2016.10.12D15:08:39.849742000 INFO sending trade batch 1287
2016.10.12D15:08:39.855033000 INFO sending trade batch 1286
2016.10.12D15:08:39.859212000 INFO sending trade batch 1285
2016.10.12D15:08:39.863762000 INFO sending trade batch 1284
2016.10.12D15:08:39.869701000 INFO sending trade batch 1283
2016.10.12D15:08:39.875173000 INFO sending trade batch 1282
2016.10.12D15:08:39.880643000 INFO sending trade batch 1281
2016.10.12D15:08:39.883901000 INFO sending trade batch 1280
2016.10.12D15:08:39.892651000 INFO sending trade batch 1279
2016.10.12D15:08:39.899415000 INFO sending trade batch 1278
2016.10.12D15:08:39.903817000 INFO sending trade batch 1277
2016.10.12D15:08:39.912372000 INFO sending trade batch 1276
2016.10.12D15:08:39.918846000 INFO sending trade batch 1275
2016.10.12D15:08:39.927500000 INFO sending trade batch 1274
2016.10.12D15:08:39.930488000 INFO sending trade batch 1273
2016.10.12D15:08:39.934081000 INFO sending trade batch 1272
2016.10.12D15:08:39.937769000 INFO sending trade batch 1271
2016.10.12D15:08:39.943851000 INFO sending trade batch 1270
2016.10.12D15:08:39.953088000 INFO sending trade batch 1269
2016.10.12D15:08:39.956996000 INFO sending trade batch 1268
2016.10.12D15:08:39.966844000 INFO sending trade batch 1267
2016.10.12D15:08:39.973568000 INFO sending trade batch 1266
2016.10.12D15:08:39.982204000 INFO sending trade batch 1265
2016.10.12D15:08:39.987290000 INFO sending trade batch 1264
2016.10.12D15:08:39.993904000 INFO sending trade batch 1263
2016.10.12D15:08:40.002675000 INFO sending trade batch 1262
2016.10.12D15:08:40.010506000 INFO sending trade batch 1261
2016.10.12D15:08:40.019311000 INFO sending trade batch 1260
2016.10.12D15:08:40.022504000 INFO sending trade batch 1259
2016.10.12D15:08:40.028702000 INFO sending trade batch 1258
2016.10.12D15:08:40.034175000 INFO sending trade batch 1257
2016.10.12D15:08:40.042664000 INFO sending trade batch 1256
2016.10.12D15:08:40.049501000 INFO sending trade batch 1255
2016.10.12D15:08:40.055931000 INFO sending trade batch 1254
2016.10.12D15:08:40.059860000 INFO sending trade batch 1253
2016.10.12D15:08:40.067447000 INFO sending trade batch 1252
2016.10.12D15:08:40.072487000 INFO sending trade batch 1251
2016.10.12D15:08:40.080027000 INFO sending trade batch 1250
2016.10.12D15:08:40.088870000 INFO sending trade batch 1249
2016.10.12D15:08:40.098079000 INFO sending trade batch 1248
2016.10.12D15:08:40.105781000 INFO sending trade batch 1247
2016.10.12D15:08:40.111166000 INFO sending trade batch 1246
2016.10.12D15:08:40.114821000 INFO sending trade batch 1245
2016.10.12D15:08:40.121229000 INFO sending trade batch 1244
2016.10.12D15:08:40.131268000 INFO sending trade batch 1243
2016.10.12D15:08:40.135085000 INFO sending trade batch 1242
2016.10.12D15:08:40.143705000 INFO sending trade batch 1241
2016.10.12D15:08:40.152312000 INFO sending trade batch 1240
2016.10.12D15:08:40.156688000 INFO sending trade batch 1239
2016.10.12D15:08:40.160002000 INFO sending trade batch 1238
2016.10.12D15:08:40.168670000 INFO sending trade batch 1237
2016.10.12D15:08:40.177470000 INFO sending trade batch 1236
2016.10.12D15:08:40.181664000 INFO sending trade batch 1235
2016.10.12D15:08:40.190597000 INFO sending trade batch 1234
2016.10.12D15:08:40.193747000 INFO sending trade batch 1233
2016.10.12D15:08:40.201833000 INFO sending trade batch 1232
2016.10.12D15:08:40.205805000 INFO sending trade batch 1231
2016.10.12D15:08:40.214201000 INFO sending trade batch 1230
2016.10.12D15:08:40.223254000 INFO sending trade batch 1229
2016.10.12D15:08:40.227755000 INFO sending trade batch 1228
2016.10.12D15:08:40.237547000 INFO sending trade batch 1227
2016.10.12D15:08:40.245293000 INFO sending trade batch 1226
2016.10.12D15:08:40.255224000 INFO sending trade batch 1225
2016.10.12D15:08:40.261994000 INFO sending trade batch 1224
2016.10.12D15:08:40.267399000 INFO sending trade batch 1223
2016.10.12D15:08:40.275496000 INFO sending trade batch 1222
2016.10.12D15:08:40.281948000 INFO sending trade batch 1221
2016.10.12D15:08:40.285767000 INFO sending trade batch 1220
2016.10.12D15:08:40.291697000 INFO sending trade batch 1219
2016.10.12D15:08:40.301928000 INFO sending trade batch 1218
2016.10.12D15:08:40.309071000 INFO sending trade batch 1217
2016.10.12D15:08:40.313178000 INFO sending trade batch 1216
2016.10.12D15:08:40.319964000 INFO sending trade batch 1215
2016.10.12D15:08:40.325287000 INFO sending trade batch 1214
2016.10.12D15:08:40.332009000 INFO sending trade batch 1213
2016.10.12D15:08:40.340140000 INFO sending trade batch 1212
2016.10.12D15:08:40.346764000 INFO sending trade batch 1211
2016.10.12D15:08:40.355306000 INFO sending trade batch 1210
2016.10.12D15:08:40.359499000 INFO sending trade batch 1209
2016.10.12D15:08:40.368110000 INFO sending trade batch 1208
2016.10.12D15:08:40.378723000 INFO sending trade batch 1207
2016.10.12D15:08:40.385058000 INFO sending trade batch 1206
2016.10.12D15:08:40.391300000 INFO sending trade batch 1205
2016.10.12D15:08:40.398078000 INFO sending trade batch 1204
2016.10.12D15:08:40.402392000 INFO sending trade batch 1203
2016.10.12D15:08:40.409262000 INFO sending trade batch 1202
2016.10.12D15:08:40.413116000 INFO sending trade batch 1201
2016.10.12D15:08:40.417636000 INFO sending trade batch 1200
2016.10.12D15:08:40.423703000 INFO sending trade batch 1199
2016.10.12D15:08:40.428094000 INFO sending trade batch 1198
2016.10.12D15:08:40.433505000 INFO sending trade batch 1197
2016.10.12D15:08:40.440722000 INFO sending trade batch 1196
2016.10.12D15:08:40.446853000 INFO sending trade batch 1195
2016.10.12D15:08:40.454425000 INFO sending trade batch 1194
2016.10.12D15:08:40.463641000 INFO sending trade batch 1193
2016.10.12D15:08:40.468610000 INFO sending trade batch 1192
2016.10.12D15:08:40.474068000 INFO sending trade batch 1191
2016.10.12D15:08:40.478839000 INFO sending trade batch 1190
2016.10.12D15:08:40.484052000 INFO sending trade batch 1189
2016.10.12D15:08:40.493047000 INFO sending trade batch 1188
2016.10.12D15:08:40.496135000 INFO sending trade batch 1187
2016.10.12D15:08:40.499198000 INFO sending trade batch 1186
2016.10.12D15:08:40.503606000 INFO sending trade batch 1185
2016.10.12D15:08:40.506952000 INFO sending trade batch 1184
2016.10.12D15:08:40.510502000 INFO sending trade batch 1183
2016.10.12D15:08:40.518233000 INFO sending trade batch 1182
2016.10.12D15:08:40.527684000 INFO sending trade batch 1181
2016.10.12D15:08:40.534196000 INFO sending trade batch 1180
2016.10.12D15:08:40.540110000 INFO sending trade batch 1179
2016.10.12D15:08:40.548007000 INFO sending trade batch 1178
2016.10.12D15:08:40.555520000 INFO sending trade batch 1177
2016.10.12D15:08:40.560529000 INFO sending trade batch 1176
2016.10.12D15:08:40.565414000 INFO sending trade batch 1175
2016.10.12D15:08:40.568369000 INFO sending trade batch 1174
2016.10.12D15:08:40.576865000 INFO sending trade batch 1173
2016.10.12D15:08:40.583301000 INFO sending trade batch 1172
2016.10.12D15:08:40.591082000 INFO sending trade batch 1171
2016.10.12D15:08:40.597962000 INFO sending trade batch 1170
2016.10.12D15:08:40.601707000 INFO sending trade batch 1169
2016.10.12D15:08:40.606004000 INFO sending trade batch 1168
2016.10.12D15:08:40.613063000 INFO sending trade batch 1167
2016.10.12D15:08:40.617344000 INFO sending trade batch 1166
2016.10.12D15:08:40.625000000 INFO sending trade batch 1165
2016.10.12D15:08:40.631825000 INFO sending trade batch 1164
2016.10.12D15:08:40.638990000 INFO sending trade batch 1163
2016.10.12D15:08:40.647491000 INFO sending trade batch 1162
2016.10.12D15:08:40.650547000 INFO sending trade batch 1161
2016.10.12D15:08:40.655926000 INFO sending trade batch 1160
2016.10.12D15:08:40.658914000 INFO sending trade batch 1159
2016.10.12D15:08:40.662741000 INFO sending trade batch 1158
2016.10.12D15:08:40.665947000 INFO sending trade batch 1157
2016.10.12D15:08:40.674958000 INFO sending trade batch 1156
2016.10.12D15:08:40.683301000 INFO sending trade batch 1155
2016.10.12D15:08:40.686638000 INFO sending trade batch 1154
2016.10.12D15:08:40.695549000 INFO sending trade batch 1153
2016.10.12D15:08:40.704835000 INFO sending trade batch 1152
2016.10.12D15:08:40.712705000 INFO sending trade batch 1151
2016.10.12D15:08:40.717515000 INFO sending trade batch 1150
2016.10.12D15:08:40.723750000 INFO sending trade batch 1149
2016.10.12D15:08:40.732204000 INFO sending trade batch 1148
2016.10.12D15:08:40.739680000 INFO sending trade batch 1147
2016.10.12D15:08:40.747768000 INFO sending trade batch 1146
2016.10.12D15:08:40.751857000 INFO sending trade batch 1145
2016.10.12D15:08:40.759769000 INFO sending trade batch 1144
2016.10.12D15:08:40.766978000 INFO sending trade batch 1143
2016.10.12D15:08:40.772619000 INFO sending trade batch 1142
2016.10.12D15:08:40.777638000 INFO sending trade batch 1141
2016.10.12D15:08:40.782670000 INFO sending trade batch 1140
2016.10.12D15:08:40.789814000 INFO sending trade batch 1139
2016.10.12D15:08:40.798361000 INFO sending trade batch 1138
2016.10.12D15:08:40.803119000 INFO sending trade batch 1137
2016.10.12D15:08:40.806851000 INFO sending trade batch 1136
2016.10.12D15:08:40.814200000 INFO sending trade batch 1135
2016.10.12D15:08:40.822672000 INFO sending trade batch 1134
2016.10.12D15:08:40.825973000 INFO sending trade batch 1133
2016.10.12D15:08:40.830899000 INFO sending trade batch 1132
2016.10.12D15:08:40.838612000 INFO sending trade batch 1131
2016.10.12D15:08:40.844457000 INFO sending trade batch 1130
2016.10.12D15:08:40.849697000 INFO sending trade batch 1129
2016.10.12D15:08:40.856680000 INFO sending trade batch 1128
2016.10.12D15:08:40.865309000 INFO sending trade batch 1127
2016.10.12D15:08:40.870634000 INFO sending trade batch 1126
2016.10.12D15:08:40.876878000 INFO sending trade batch 1125
2016.10.12D15:08:40.879828000 INFO sending trade batch 1124
2016.10.12D15:08:40.882986000 INFO sending trade batch 1123
2016.10.12D15:08:40.887048000 INFO sending trade batch 1122
2016.10.12D15:08:40.895414000 INFO sending trade batch 1121
2016.10.12D15:08:40.898600000 INFO sending trade batch 1120
2016.10.12D15:08:40.907167000 INFO sending trade batch 1119
2016.10.12D15:08:40.914017000 INFO sending trade batch 1118
2016.10.12D15:08:40.918950000 INFO sending trade batch 1117
2016.10.12D15:08:40.927962000 INFO sending trade batch 1116
2016.10.12D15:08:40.931693000 INFO sending trade batch 1115
2016.10.12D15:08:40.935679000 INFO sending trade batch 1114
2016.10.12D15:08:40.938583000 INFO sending trade batch 1113
2016.10.12D15:08:40.946869000 INFO sending trade batch 1112
2016.10.12D15:08:40.954733000 INFO sending trade batch 1111
2016.10.12D15:08:40.958629000 INFO sending trade batch 1110
2016.10.12D15:08:40.965388000 INFO sending trade batch 1109
2016.10.12D15:08:40.975044000 INFO sending trade batch 1108
2016.10.12D15:08:40.979088000 INFO sending trade batch 1107
2016.10.12D15:08:40.982045000 INFO sending trade batch 1106
2016.10.12D15:08:40.989472000 INFO sending trade batch 1105
2016.10.12D15:08:40.995196000 INFO sending trade batch 1104
2016.10.12D15:08:41.004385000 INFO sending trade batch 1103
2016.10.12D15:08:41.009941000 INFO sending trade batch 1102
2016.10.12D15:08:41.015291000 INFO sending trade batch 1101
2016.10.12D15:08:41.020974000 INFO sending trade batch 1100
2016.10.12D15:08:41.024916000 INFO sending trade batch 1099
2016.10.12D15:08:41.030545000 INFO sending trade batch 1098
2016.10.12D15:08:41.033997000 INFO sending trade batch 1097
2016.10.12D15:08:41.043905000 INFO sending trade batch 1096
2016.10.12D15:08:41.047344000 INFO sending trade batch 1095
2016.10.12D15:08:41.051133000 INFO sending trade batch 1094
2016.10.12D15:08:41.058232000 INFO sending trade batch 1093
2016.10.12D15:08:41.062396000 INFO sending trade batch 1092
2016.10.12D15:08:41.065538000 INFO sending trade batch 1091
2016.10.12D15:08:41.071788000 INFO sending trade batch 1090
2016.10.12D15:08:41.078147000 INFO sending trade batch 1089
2016.10.12D15:08:41.084659000 INFO sending trade batch 1088
2016.10.12D15:08:41.090460000 INFO sending trade batch 1087
2016.10.12D15:08:41.098935000 INFO sending trade batch 1086
2016.10.12D15:08:41.108820000 INFO sending trade batch 1085
2016.10.12D15:08:41.117643000 INFO sending trade batch 1084
2016.10.12D15:08:41.126344000 INFO sending trade batch 1083
2016.10.12D15:08:41.136819000 INFO sending trade batch 1082
2016.10.12D15:08:41.142175000 INFO sending trade batch 1081
2016.10.12D15:08:41.147925000 INFO sending trade batch 1080
2016.10.12D15:08:41.155211000 INFO sending trade batch 1079
2016.10.12D15:08:41.164822000 INFO sending trade batch 1078
2016.10.12D15:08:41.169626000 INFO sending trade batch 1077
2016.10.12D15:08:41.177412000 INFO sending trade batch 1076
2016.10.12D15:08:41.184810000 INFO sending trade batch 1075
2016.10.12D15:08:41.194665000 INFO sending trade batch 1074
2016.10.12D15:08:41.198266000 INFO sending trade batch 1073
2016.10.12D15:08:41.204768000 INFO sending trade batch 1072
2016.10.12D15:08:41.215302000 INFO sending trade batch 1071
2016.10.12D15:08:41.219263000 INFO sending trade batch 1070
2016.10.12D15:08:41.223216000 INFO sending trade batch 1069
2016.10.12D15:08:41.229939000 INFO sending trade batch 1068
2016.10.12D15:08:41.236566000 INFO sending trade batch 1067
2016.10.12D15:08:41.246824000 INFO sending trade batch 1066
2016.10.12D15:08:41.251398000 INFO sending trade batch 1065
2016.10.12D15:08:41.259196000 INFO sending trade batch 1064
2016.10.12D15:08:41.264065000 INFO sending trade batch 1063
2016.10.12D15:08:41.268563000 INFO sending trade batch 1062
2016.10.12D15:08:41.273632000 INFO sending trade batch 1061
2016.10.12D15:08:41.277314000 INFO sending trade batch 1060
2016.10.12D15:08:41.284426000 INFO sending trade batch 1059
2016.10.12D15:08:41.288078000 INFO sending trade batch 1058
2016.10.12D15:08:41.293820000 INFO sending trade batch 1057
2016.10.12D15:08:41.299882000 INFO sending trade batch 1056
2016.10.12D15:08:41.304943000 INFO sending trade batch 1055
2016.10.12D15:08:41.309619000 INFO sending trade batch 1054
2016.10.12D15:08:41.314492000 INFO sending trade batch 1053
2016.10.12D15:08:41.319100000 INFO sending trade batch 1052
2016.10.12D15:08:41.330051000 INFO sending trade batch 1051
2016.10.12D15:08:41.334375000 INFO sending trade batch 1050
2016.10.12D15:08:41.342696000 INFO sending trade batch 1049
2016.10.12D15:08:41.350008000 INFO sending trade batch 1048
2016.10.12D15:08:41.359464000 INFO sending trade batch 1047
2016.10.12D15:08:41.362954000 INFO sending trade batch 1046
2016.10.12D15:08:41.366841000 INFO sending trade batch 1045
2016.10.12D15:08:41.372506000 INFO sending trade batch 1044
2016.10.12D15:08:41.377276000 INFO sending trade batch 1043
2016.10.12D15:08:41.388639000 INFO sending trade batch 1042
2016.10.12D15:08:41.397090000 INFO sending trade batch 1041
2016.10.12D15:08:41.402721000 INFO sending trade batch 1040
2016.10.12D15:08:41.411351000 INFO sending trade batch 1039
2016.10.12D15:08:41.416695000 INFO sending trade batch 1038
2016.10.12D15:08:41.423808000 INFO sending trade batch 1037
2016.10.12D15:08:41.431622000 INFO sending trade batch 1036
2016.10.12D15:08:41.436477000 INFO sending trade batch 1035
2016.10.12D15:08:41.444504000 INFO sending trade batch 1034
2016.10.12D15:08:41.452224000 INFO sending trade batch 1033
2016.10.12D15:08:41.458599000 INFO sending trade batch 1032
2016.10.12D15:08:41.465357000 INFO sending trade batch 1031
2016.10.12D15:08:41.473437000 INFO sending trade batch 1030
2016.10.12D15:08:41.476549000 INFO sending trade batch 1029
2016.10.12D15:08:41.480857000 INFO sending trade batch 1028
2016.10.12D15:08:41.488300000 INFO sending trade batch 1027
2016.10.12D15:08:41.495843000 INFO sending trade batch 1026
2016.10.12D15:08:41.499465000 INFO sending trade batch 1025
2016.10.12D15:08:41.502432000 INFO sending trade batch 1024
2016.10.12D15:08:41.506932000 INFO sending trade batch 1023
2016.10.12D15:08:41.512948000 INFO sending trade batch 1022
2016.10.12D15:08:41.520078000 INFO sending trade batch 1021
2016.10.12D15:08:41.524914000 INFO sending trade batch 1020
2016.10.12D15:08:41.529832000 INFO sending trade batch 1019
2016.10.12D15:08:41.537355000 INFO sending trade batch 1018
2016.10.12D15:08:41.546043000 INFO sending trade batch 1017
2016.10.12D15:08:41.551166000 INFO sending trade batch 1016
2016.10.12D15:08:41.560241000 INFO sending trade batch 1015
2016.10.12D15:08:41.563642000 INFO sending trade batch 1014
2016.10.12D15:08:41.572568000 INFO sending trade batch 1013
2016.10.12D15:08:41.577624000 INFO sending trade batch 1012
2016.10.12D15:08:41.582741000 INFO sending trade batch 1011
2016.10.12D15:08:41.588067000 INFO sending trade batch 1010
2016.10.12D15:08:41.597256000 INFO sending trade batch 1009
2016.10.12D15:08:41.604065000 INFO sending trade batch 1008
2016.10.12D15:08:41.611017000 INFO sending trade batch 1007
2016.10.12D15:08:41.614462000 INFO sending trade batch 1006
2016.10.12D15:08:41.619629000 INFO sending trade batch 1005
2016.10.12D15:08:41.625645000 INFO sending trade batch 1004
2016.10.12D15:08:41.634927000 INFO sending trade batch 1003
2016.10.12D15:08:41.640110000 INFO sending trade batch 1002
2016.10.12D15:08:41.649397000 INFO sending trade batch 1001
2016.10.12D15:08:41.653627000 INFO sending trade batch 1000
2016.10.12D15:08:41.658597000 INFO sending trade batch 999
2016.10.12D15:08:41.662445000 INFO sending trade batch 998
2016.10.12D15:08:41.670073000 INFO sending trade batch 997
2016.10.12D15:08:41.677740000 INFO sending trade batch 996
2016.10.12D15:08:41.686433000 INFO sending trade batch 995
2016.10.12D15:08:41.690627000 INFO sending trade batch 994
2016.10.12D15:08:41.699631000 INFO sending trade batch 993
2016.10.12D15:08:41.706736000 INFO sending trade batch 992
2016.10.12D15:08:41.715243000 INFO sending trade batch 991
2016.10.12D15:08:41.721180000 INFO sending trade batch 990
2016.10.12D15:08:41.730246000 INFO sending trade batch 989
2016.10.12D15:08:41.739275000 INFO sending trade batch 988
2016.10.12D15:08:41.744707000 INFO sending trade batch 987
2016.10.12D15:08:41.749636000 INFO sending trade batch 986
2016.10.12D15:08:41.757670000 INFO sending trade batch 985
2016.10.12D15:08:41.765477000 INFO sending trade batch 984
2016.10.12D15:08:41.768969000 INFO sending trade batch 983
2016.10.12D15:08:41.774606000 INFO sending trade batch 982
2016.10.12D15:08:41.781579000 INFO sending trade batch 981
2016.10.12D15:08:41.788057000 INFO sending trade batch 980
2016.10.12D15:08:41.795880000 INFO sending trade batch 979
2016.10.12D15:08:41.801606000 INFO sending trade batch 978
2016.10.12D15:08:41.808316000 INFO sending trade batch 977
2016.10.12D15:08:41.815480000 INFO sending trade batch 976
2016.10.12D15:08:41.818319000 INFO sending trade batch 975
2016.10.12D15:08:41.826812000 INFO sending trade batch 974
2016.10.12D15:08:41.831632000 INFO sending trade batch 973
2016.10.12D15:08:41.836018000 INFO sending trade batch 972
2016.10.12D15:08:41.842453000 INFO sending trade batch 971
2016.10.12D15:08:41.850283000 INFO sending trade batch 970
2016.10.12D15:08:41.858492000 INFO sending trade batch 969
2016.10.12D15:08:41.863120000 INFO sending trade batch 968
2016.10.12D15:08:41.869479000 INFO sending trade batch 967
2016.10.12D15:08:41.873842000 INFO sending trade batch 966
2016.10.12D15:08:41.881633000 INFO sending trade batch 965
2016.10.12D15:08:41.885488000 INFO sending trade batch 964
2016.10.12D15:08:41.892182000 INFO sending trade batch 963
2016.10.12D15:08:41.895023000 INFO sending trade batch 962
2016.10.12D15:08:41.897873000 INFO sending trade batch 961
2016.10.12D15:08:41.905534000 INFO sending trade batch 960
2016.10.12D15:08:41.912481000 INFO sending trade batch 959
2016.10.12D15:08:41.915514000 INFO sending trade batch 958
2016.10.12D15:08:41.923445000 INFO sending trade batch 957
2016.10.12D15:08:41.927504000 INFO sending trade batch 956
2016.10.12D15:08:41.936791000 INFO sending trade batch 955
2016.10.12D15:08:41.945527000 INFO sending trade batch 954
2016.10.12D15:08:41.954122000 INFO sending trade batch 953
2016.10.12D15:08:41.962116000 INFO sending trade batch 952
2016.10.12D15:08:41.968613000 INFO sending trade batch 951
2016.10.12D15:08:41.978625000 INFO sending trade batch 950
2016.10.12D15:08:41.984732000 INFO sending trade batch 949
2016.10.12D15:08:41.990997000 INFO sending trade batch 948
2016.10.12D15:08:41.996519000 INFO sending trade batch 947
2016.10.12D15:08:41.999781000 INFO sending trade batch 946
2016.10.12D15:08:42.006798000 INFO sending trade batch 945
2016.10.12D15:08:42.010653000 INFO sending trade batch 944
2016.10.12D15:08:42.016609000 INFO sending trade batch 943
2016.10.12D15:08:42.021370000 INFO sending trade batch 942
2016.10.12D15:08:42.024809000 INFO sending trade batch 941
2016.10.12D15:08:42.027891000 INFO sending trade batch 940
2016.10.12D15:08:42.031055000 INFO sending trade batch 939
2016.10.12D15:08:42.036914000 INFO sending trade batch 938
2016.10.12D15:08:42.046705000 INFO sending trade batch 937
2016.10.12D15:08:42.050647000 INFO sending trade batch 936
2016.10.12D15:08:42.057787000 INFO sending trade batch 935
2016.10.12D15:08:42.064886000 INFO sending trade batch 934
2016.10.12D15:08:42.069763000 INFO sending trade batch 933
2016.10.12D15:08:42.074495000 INFO sending trade batch 932
2016.10.12D15:08:42.080687000 INFO sending trade batch 931
2016.10.12D15:08:42.086698000 INFO sending trade batch 930
2016.10.12D15:08:42.090117000 INFO sending trade batch 929
2016.10.12D15:08:42.097059000 INFO sending trade batch 928
2016.10.12D15:08:42.102317000 INFO sending trade batch 927
2016.10.12D15:08:42.108873000 INFO sending trade batch 926
2016.10.12D15:08:42.115704000 INFO sending trade batch 925
2016.10.12D15:08:42.121131000 INFO sending trade batch 924
2016.10.12D15:08:42.128713000 INFO sending trade batch 923
2016.10.12D15:08:42.137005000 INFO sending trade batch 922
2016.10.12D15:08:42.142957000 INFO sending trade batch 921
2016.10.12D15:08:42.152964000 INFO sending trade batch 920
2016.10.12D15:08:42.164573000 INFO sending trade batch 919
2016.10.12D15:08:42.169866000 INFO sending trade batch 918
2016.10.12D15:08:42.175577000 INFO sending trade batch 917
2016.10.12D15:08:42.182033000 INFO sending trade batch 916
2016.10.12D15:08:42.188384000 INFO sending trade batch 915
2016.10.12D15:08:42.195751000 INFO sending trade batch 914
2016.10.12D15:08:42.200803000 INFO sending trade batch 913
2016.10.12D15:08:42.208762000 INFO sending trade batch 912
2016.10.12D15:08:42.217513000 INFO sending trade batch 911
2016.10.12D15:08:42.224181000 INFO sending trade batch 910
2016.10.12D15:08:42.231408000 INFO sending trade batch 909
2016.10.12D15:08:42.239657000 INFO sending trade batch 908
2016.10.12D15:08:42.243423000 INFO sending trade batch 907
2016.10.12D15:08:42.252664000 INFO sending trade batch 906
2016.10.12D15:08:42.260703000 INFO sending trade batch 905
2016.10.12D15:08:42.269987000 INFO sending trade batch 904
2016.10.12D15:08:42.278255000 INFO sending trade batch 903
2016.10.12D15:08:42.289066000 INFO sending trade batch 902
2016.10.12D15:08:42.295956000 INFO sending trade batch 901
2016.10.12D15:08:42.300950000 INFO sending trade batch 900
2016.10.12D15:08:42.304999000 INFO sending trade batch 899
2016.10.12D15:08:42.312875000 INFO sending trade batch 898
2016.10.12D15:08:42.321642000 INFO sending trade batch 897
2016.10.12D15:08:42.330398000 INFO sending trade batch 896
2016.10.12D15:08:42.334670000 INFO sending trade batch 895
2016.10.12D15:08:42.343051000 INFO sending trade batch 894
2016.10.12D15:08:42.348711000 INFO sending trade batch 893
2016.10.12D15:08:42.353432000 INFO sending trade batch 892
2016.10.12D15:08:42.358824000 INFO sending trade batch 891
2016.10.12D15:08:42.366015000 INFO sending trade batch 890
2016.10.12D15:08:42.369833000 INFO sending trade batch 889
2016.10.12D15:08:42.373724000 INFO sending trade batch 888
2016.10.12D15:08:42.379026000 INFO sending trade batch 887
2016.10.12D15:08:42.382042000 INFO sending trade batch 886
2016.10.12D15:08:42.390624000 INFO sending trade batch 885
2016.10.12D15:08:42.394263000 INFO sending trade batch 884
2016.10.12D15:08:42.400776000 INFO sending trade batch 883
2016.10.12D15:08:42.405104000 INFO sending trade batch 882
2016.10.12D15:08:42.407989000 INFO sending trade batch 881
2016.10.12D15:08:42.418254000 INFO sending trade batch 880
2016.10.12D15:08:42.425783000 INFO sending trade batch 879
2016.10.12D15:08:42.430106000 INFO sending trade batch 878
2016.10.12D15:08:42.435540000 INFO sending trade batch 877
2016.10.12D15:08:42.442963000 INFO sending trade batch 876
2016.10.12D15:08:42.447486000 INFO sending trade batch 875
2016.10.12D15:08:42.451142000 INFO sending trade batch 874
2016.10.12D15:08:42.455103000 INFO sending trade batch 873
2016.10.12D15:08:42.458734000 INFO sending trade batch 872
2016.10.12D15:08:42.466541000 INFO sending trade batch 871
2016.10.12D15:08:42.471106000 INFO sending trade batch 870
2016.10.12D15:08:42.477697000 INFO sending trade batch 869
2016.10.12D15:08:42.483893000 INFO sending trade batch 868
2016.10.12D15:08:42.488449000 INFO sending trade batch 867
2016.10.12D15:08:42.494716000 INFO sending trade batch 866
2016.10.12D15:08:42.502717000 INFO sending trade batch 865
2016.10.12D15:08:42.507869000 INFO sending trade batch 864
2016.10.12D15:08:42.511303000 INFO sending trade batch 863
2016.10.12D15:08:42.515249000 INFO sending trade batch 862
2016.10.12D15:08:42.519320000 INFO sending trade batch 861
2016.10.12D15:08:42.527410000 INFO sending trade batch 860
2016.10.12D15:08:42.531332000 INFO sending trade batch 859
2016.10.12D15:08:42.540501000 INFO sending trade batch 858
2016.10.12D15:08:42.549252000 INFO sending trade batch 857
2016.10.12D15:08:42.557356000 INFO sending trade batch 856
2016.10.12D15:08:42.565998000 INFO sending trade batch 855
2016.10.12D15:08:42.573173000 INFO sending trade batch 854
2016.10.12D15:08:42.577860000 INFO sending trade batch 853
2016.10.12D15:08:42.586460000 INFO sending trade batch 852
2016.10.12D15:08:42.592852000 INFO sending trade batch 851
2016.10.12D15:08:42.599279000 INFO sending trade batch 850
2016.10.12D15:08:42.605863000 INFO sending trade batch 849
2016.10.12D15:08:42.613228000 INFO sending trade batch 848
2016.10.12D15:08:42.619134000 INFO sending trade batch 847
2016.10.12D15:08:42.622516000 INFO sending trade batch 846
2016.10.12D15:08:42.628982000 INFO sending trade batch 845
2016.10.12D15:08:42.633132000 INFO sending trade batch 844
2016.10.12D15:08:42.641582000 INFO sending trade batch 843
2016.10.12D15:08:42.647782000 INFO sending trade batch 842
2016.10.12D15:08:42.656883000 INFO sending trade batch 841
2016.10.12D15:08:42.660808000 INFO sending trade batch 840
2016.10.12D15:08:42.665236000 INFO sending trade batch 839
2016.10.12D15:08:42.669594000 INFO sending trade batch 838
2016.10.12D15:08:42.673139000 INFO sending trade batch 837
2016.10.12D15:08:42.676706000 INFO sending trade batch 836
2016.10.12D15:08:42.684712000 INFO sending trade batch 835
2016.10.12D15:08:42.687830000 INFO sending trade batch 834
2016.10.12D15:08:42.692399000 INFO sending trade batch 833
2016.10.12D15:08:42.700695000 INFO sending trade batch 832
2016.10.12D15:08:42.705485000 INFO sending trade batch 831
2016.10.12D15:08:42.709884000 INFO sending trade batch 830
2016.10.12D15:08:42.718057000 INFO sending trade batch 829
2016.10.12D15:08:42.723296000 INFO sending trade batch 828
2016.10.12D15:08:42.731977000 INFO sending trade batch 827
2016.10.12D15:08:42.739601000 INFO sending trade batch 826
2016.10.12D15:08:42.746778000 INFO sending trade batch 825
2016.10.12D15:08:42.752364000 INFO sending trade batch 824
2016.10.12D15:08:42.755755000 INFO sending trade batch 823
2016.10.12D15:08:42.763538000 INFO sending trade batch 822
2016.10.12D15:08:42.770589000 INFO sending trade batch 821
2016.10.12D15:08:42.776381000 INFO sending trade batch 820
2016.10.12D15:08:42.783920000 INFO sending trade batch 819
2016.10.12D15:08:42.788085000 INFO sending trade batch 818
2016.10.12D15:08:42.794467000 INFO sending trade batch 817
2016.10.12D15:08:42.797515000 INFO sending trade batch 816
2016.10.12D15:08:42.803857000 INFO sending trade batch 815
2016.10.12D15:08:42.807700000 INFO sending trade batch 814
2016.10.12D15:08:42.814061000 INFO sending trade batch 813
2016.10.12D15:08:42.819422000 INFO sending trade batch 812
2016.10.12D15:08:42.825751000 INFO sending trade batch 811
2016.10.12D15:08:42.833470000 INFO sending trade batch 810
2016.10.12D15:08:42.837449000 INFO sending trade batch 809
2016.10.12D15:08:42.843903000 INFO sending trade batch 808
2016.10.12D15:08:42.850932000 INFO sending trade batch 807
2016.10.12D15:08:42.858372000 INFO sending trade batch 806
2016.10.12D15:08:42.862330000 INFO sending trade batch 805
2016.10.12D15:08:42.870795000 INFO sending trade batch 804
2016.10.12D15:08:42.875911000 INFO sending trade batch 803
2016.10.12D15:08:42.881162000 INFO sending trade batch 802
2016.10.12D15:08:42.890039000 INFO sending trade batch 801
2016.10.12D15:08:42.895356000 INFO sending trade batch 800
2016.10.12D15:08:42.902144000 INFO sending trade batch 799
2016.10.12D15:08:42.905766000 INFO sending trade batch 798
2016.10.12D15:08:42.910077000 INFO sending trade batch 797
2016.10.12D15:08:42.916796000 INFO sending trade batch 796
2016.10.12D15:08:42.919826000 INFO sending trade batch 795
2016.10.12D15:08:42.929045000 INFO sending trade batch 794
2016.10.12D15:08:42.936602000 INFO sending trade batch 793
2016.10.12D15:08:42.944796000 INFO sending trade batch 792
2016.10.12D15:08:42.950946000 INFO sending trade batch 791
2016.10.12D15:08:42.958959000 INFO sending trade batch 790
2016.10.12D15:08:42.967169000 INFO sending trade batch 789
2016.10.12D15:08:42.973574000 INFO sending trade batch 788
2016.10.12D15:08:42.977973000 INFO sending trade batch 787
2016.10.12D15:08:42.984104000 INFO sending trade batch 786
2016.10.12D15:08:42.989397000 INFO sending trade batch 785
2016.10.12D15:08:42.993166000 INFO sending trade batch 784
2016.10.12D15:08:42.999106000 INFO sending trade batch 783
2016.10.12D15:08:43.007517000 INFO sending trade batch 782
2016.10.12D15:08:43.013978000 INFO sending trade batch 781
2016.10.12D15:08:43.017901000 INFO sending trade batch 780
2016.10.12D15:08:43.026947000 INFO sending trade batch 779
2016.10.12D15:08:43.031253000 INFO sending trade batch 778
2016.10.12D15:08:43.034722000 INFO sending trade batch 777
2016.10.12D15:08:43.040836000 INFO sending trade batch 776
2016.10.12D15:08:43.050062000 INFO sending trade batch 775
2016.10.12D15:08:43.057867000 INFO sending trade batch 774
2016.10.12D15:08:43.067248000 INFO sending trade batch 773
2016.10.12D15:08:43.076278000 INFO sending trade batch 772
2016.10.12D15:08:43.082994000 INFO sending trade batch 771
2016.10.12D15:08:43.087081000 INFO sending trade batch 770
2016.10.12D15:08:43.090048000 INFO sending trade batch 769
2016.10.12D15:08:43.100337000 INFO sending trade batch 768
2016.10.12D15:08:43.106881000 INFO sending trade batch 767
2016.10.12D15:08:43.115694000 INFO sending trade batch 766
2016.10.12D15:08:43.125226000 INFO sending trade batch 765
2016.10.12D15:08:43.129259000 INFO sending trade batch 764
2016.10.12D15:08:43.139649000 INFO sending trade batch 763
2016.10.12D15:08:43.147613000 INFO sending trade batch 762
2016.10.12D15:08:43.153560000 INFO sending trade batch 761
2016.10.12D15:08:43.163026000 INFO sending trade batch 760
2016.10.12D15:08:43.172532000 INFO sending trade batch 759
2016.10.12D15:08:43.180299000 INFO sending trade batch 758
2016.10.12D15:08:43.188329000 INFO sending trade batch 757
2016.10.12D15:08:43.197240000 INFO sending trade batch 756
2016.10.12D15:08:43.206573000 INFO sending trade batch 755
2016.10.12D15:08:43.218136000 INFO sending trade batch 754
2016.10.12D15:08:43.225244000 INFO sending trade batch 753
2016.10.12D15:08:43.232498000 INFO sending trade batch 752
2016.10.12D15:08:43.241861000 INFO sending trade batch 751
2016.10.12D15:08:43.251504000 INFO sending trade batch 750
2016.10.12D15:08:43.262140000 INFO sending trade batch 749
2016.10.12D15:08:43.268179000 INFO sending trade batch 748
2016.10.12D15:08:43.273890000 INFO sending trade batch 747
2016.10.12D15:08:43.278471000 INFO sending trade batch 746
2016.10.12D15:08:43.286516000 INFO sending trade batch 745
2016.10.12D15:08:43.291138000 INFO sending trade batch 744
2016.10.12D15:08:43.296415000 INFO sending trade batch 743
2016.10.12D15:08:43.303002000 INFO sending trade batch 742
2016.10.12D15:08:43.312120000 INFO sending trade batch 741
2016.10.12D15:08:43.317657000 INFO sending trade batch 740
2016.10.12D15:08:43.328184000 INFO sending trade batch 739
2016.10.12D15:08:43.338130000 INFO sending trade batch 738
2016.10.12D15:08:43.348600000 INFO sending trade batch 737
2016.10.12D15:08:43.355467000 INFO sending trade batch 736
2016.10.12D15:08:43.361371000 INFO sending trade batch 735
2016.10.12D15:08:43.367081000 INFO sending trade batch 734
2016.10.12D15:08:43.372089000 INFO sending trade batch 733
2016.10.12D15:08:43.375398000 INFO sending trade batch 732
2016.10.12D15:08:43.382851000 INFO sending trade batch 731
2016.10.12D15:08:43.392068000 INFO sending trade batch 730
2016.10.12D15:08:43.399514000 INFO sending trade batch 729
2016.10.12D15:08:43.403626000 INFO sending trade batch 728
2016.10.12D15:08:43.411207000 INFO sending trade batch 727
2016.10.12D15:08:43.421130000 INFO sending trade batch 726
2016.10.12D15:08:43.426081000 INFO sending trade batch 725
2016.10.12D15:08:43.430668000 INFO sending trade batch 724
2016.10.12D15:08:43.435792000 INFO sending trade batch 723
2016.10.12D15:08:43.440187000 INFO sending trade batch 722
2016.10.12D15:08:43.445904000 INFO sending trade batch 721
2016.10.12D15:08:43.453545000 INFO sending trade batch 720
2016.10.12D15:08:43.461327000 INFO sending trade batch 719
2016.10.12D15:08:43.466617000 INFO sending trade batch 718
2016.10.12D15:08:43.472712000 INFO sending trade batch 717
2016.10.12D15:08:43.481093000 INFO sending trade batch 716
2016.10.12D15:08:43.487185000 INFO sending trade batch 715
2016.10.12D15:08:43.494485000 INFO sending trade batch 714
2016.10.12D15:08:43.503689000 INFO sending trade batch 713
2016.10.12D15:08:43.511017000 INFO sending trade batch 712
2016.10.12D15:08:43.519864000 INFO sending trade batch 711
2016.10.12D15:08:43.524068000 INFO sending trade batch 710
2016.10.12D15:08:43.531739000 INFO sending trade batch 709
2016.10.12D15:08:43.535264000 INFO sending trade batch 708
2016.10.12D15:08:43.538770000 INFO sending trade batch 707
2016.10.12D15:08:43.543300000 INFO sending trade batch 706
2016.10.12D15:08:43.548352000 INFO sending trade batch 705
2016.10.12D15:08:43.554049000 INFO sending trade batch 704
2016.10.12D15:08:43.562001000 INFO sending trade batch 703
2016.10.12D15:08:43.570202000 INFO sending trade batch 702
2016.10.12D15:08:43.579134000 INFO sending trade batch 701
2016.10.12D15:08:43.585186000 INFO sending trade batch 700
2016.10.12D15:08:43.588043000 INFO sending trade batch 699
2016.10.12D15:08:43.594230000 INFO sending trade batch 698
2016.10.12D15:08:43.602651000 INFO sending trade batch 697
2016.10.12D15:08:43.606958000 INFO sending trade batch 696
2016.10.12D15:08:43.615228000 INFO sending trade batch 695
2016.10.12D15:08:43.621641000 INFO sending trade batch 694
2016.10.12D15:08:43.625668000 INFO sending trade batch 693
2016.10.12D15:08:43.634439000 INFO sending trade batch 692
2016.10.12D15:08:43.641866000 INFO sending trade batch 691
2016.10.12D15:08:43.645075000 INFO sending trade batch 690
2016.10.12D15:08:43.653480000 INFO sending trade batch 689
2016.10.12D15:08:43.662313000 INFO sending trade batch 688
2016.10.12D15:08:43.671457000 INFO sending trade batch 687
2016.10.12D15:08:43.674797000 INFO sending trade batch 686
2016.10.12D15:08:43.679976000 INFO sending trade batch 685
2016.10.12D15:08:43.686585000 INFO sending trade batch 684
2016.10.12D15:08:43.689494000 INFO sending trade batch 683
2016.10.12D15:08:43.696709000 INFO sending trade batch 682
2016.10.12D15:08:43.700388000 INFO sending trade batch 681
2016.10.12D15:08:43.709604000 INFO sending trade batch 680
2016.10.12D15:08:43.715789000 INFO sending trade batch 679
2016.10.12D15:08:43.718819000 INFO sending trade batch 678
2016.10.12D15:08:43.722290000 INFO sending trade batch 677
2016.10.12D15:08:43.725172000 INFO sending trade batch 676
2016.10.12D15:08:43.730540000 INFO sending trade batch 675
2016.10.12D15:08:43.739392000 INFO sending trade batch 674
2016.10.12D15:08:43.743362000 INFO sending trade batch 673
2016.10.12D15:08:43.747906000 INFO sending trade batch 672
2016.10.12D15:08:43.752293000 INFO sending trade batch 671
2016.10.12D15:08:43.759435000 INFO sending trade batch 670
2016.10.12D15:08:43.766073000 INFO sending trade batch 669
2016.10.12D15:08:43.774060000 INFO sending trade batch 668
2016.10.12D15:08:43.781132000 INFO sending trade batch 667
2016.10.12D15:08:43.787210000 INFO sending trade batch 666
2016.10.12D15:08:43.794240000 INFO sending trade batch 665
2016.10.12D15:08:43.802228000 INFO sending trade batch 664
2016.10.12D15:08:43.806067000 INFO sending trade batch 663
2016.10.12D15:08:43.811103000 INFO sending trade batch 662
2016.10.12D15:08:43.816625000 INFO sending trade batch 661
2016.10.12D15:08:43.824508000 INFO sending trade batch 660
2016.10.12D15:08:43.833046000 INFO sending trade batch 659
2016.10.12D15:08:43.842217000 INFO sending trade batch 658
2016.10.12D15:08:43.846849000 INFO sending trade batch 657
2016.10.12D15:08:43.853116000 INFO sending trade batch 656
2016.10.12D15:08:43.856772000 INFO sending trade batch 655
2016.10.12D15:08:43.862356000 INFO sending trade batch 654
2016.10.12D15:08:43.867778000 INFO sending trade batch 653
2016.10.12D15:08:43.875910000 INFO sending trade batch 652
2016.10.12D15:08:43.882601000 INFO sending trade batch 651
2016.10.12D15:08:43.888424000 INFO sending trade batch 650
2016.10.12D15:08:43.896150000 INFO sending trade batch 649
2016.10.12D15:08:43.905194000 INFO sending trade batch 648
2016.10.12D15:08:43.911726000 INFO sending trade batch 647
2016.10.12D15:08:43.916993000 INFO sending trade batch 646
2016.10.12D15:08:43.920837000 INFO sending trade batch 645
2016.10.12D15:08:43.924073000 INFO sending trade batch 644
2016.10.12D15:08:43.928276000 INFO sending trade batch 643
2016.10.12D15:08:43.931199000 INFO sending trade batch 642
2016.10.12D15:08:43.935173000 INFO sending trade batch 641
2016.10.12D15:08:43.939918000 INFO sending trade batch 640
2016.10.12D15:08:43.948193000 INFO sending trade batch 639
2016.10.12D15:08:43.956572000 INFO sending trade batch 638
2016.10.12D15:08:43.959515000 INFO sending trade batch 637
2016.10.12D15:08:43.962596000 INFO sending trade batch 636
2016.10.12D15:08:43.969506000 INFO sending trade batch 635
2016.10.12D15:08:43.976674000 INFO sending trade batch 634
2016.10.12D15:08:43.980831000 INFO sending trade batch 633
2016.10.12D15:08:43.985446000 INFO sending trade batch 632
2016.10.12D15:08:43.993421000 INFO sending trade batch 631
2016.10.12D15:08:44.002528000 INFO sending trade batch 630
2016.10.12D15:08:44.011033000 INFO sending trade batch 629
2016.10.12D15:08:44.018054000 INFO sending trade batch 628
2016.10.12D15:08:44.022788000 INFO sending trade batch 627
2016.10.12D15:08:44.031859000 INFO sending trade batch 626
2016.10.12D15:08:44.037482000 INFO sending trade batch 625
2016.10.12D15:08:44.045237000 INFO sending trade batch 624
2016.10.12D15:08:44.051704000 INFO sending trade batch 623
2016.10.12D15:08:44.059170000 INFO sending trade batch 622
2016.10.12D15:08:44.066567000 INFO sending trade batch 621
2016.10.12D15:08:44.070013000 INFO sending trade batch 620
2016.10.12D15:08:44.077672000 INFO sending trade batch 619
2016.10.12D15:08:44.083866000 INFO sending trade batch 618
2016.10.12D15:08:44.092690000 INFO sending trade batch 617
2016.10.12D15:08:44.100821000 INFO sending trade batch 616
2016.10.12D15:08:44.105297000 INFO sending trade batch 615
2016.10.12D15:08:44.113854000 INFO sending trade batch 614
2016.10.12D15:08:44.123776000 INFO sending trade batch 613
2016.10.12D15:08:44.128049000 INFO sending trade batch 612
2016.10.12D15:08:44.133959000 INFO sending trade batch 611
2016.10.12D15:08:44.139932000 INFO sending trade batch 610
2016.10.12D15:08:44.144895000 INFO sending trade batch 609
2016.10.12D15:08:44.154490000 INFO sending trade batch 608
2016.10.12D15:08:44.164202000 INFO sending trade batch 607
2016.10.12D15:08:44.174871000 INFO sending trade batch 606
2016.10.12D15:08:44.183651000 INFO sending trade batch 605
2016.10.12D15:08:44.186733000 INFO sending trade batch 604
2016.10.12D15:08:44.191267000 INFO sending trade batch 603
2016.10.12D15:08:44.196266000 INFO sending trade batch 602
2016.10.12D15:08:44.200421000 INFO sending trade batch 601
2016.10.12D15:08:44.203771000 INFO sending trade batch 600
2016.10.12D15:08:44.213106000 INFO sending trade batch 599
2016.10.12D15:08:44.220491000 INFO sending trade batch 598
2016.10.12D15:08:44.224608000 INFO sending trade batch 597
2016.10.12D15:08:44.233466000 INFO sending trade batch 596
2016.10.12D15:08:44.237708000 INFO sending trade batch 595
2016.10.12D15:08:44.246498000 INFO sending trade batch 594
2016.10.12D15:08:44.253547000 INFO sending trade batch 593
2016.10.12D15:08:44.262292000 INFO sending trade batch 592
2016.10.12D15:08:44.269530000 INFO sending trade batch 591
2016.10.12D15:08:44.277874000 INFO sending trade batch 590
2016.10.12D15:08:44.284809000 INFO sending trade batch 589
2016.10.12D15:08:44.291886000 INFO sending trade batch 588
2016.10.12D15:08:44.297323000 INFO sending trade batch 587
2016.10.12D15:08:44.306232000 INFO sending trade batch 586
2016.10.12D15:08:44.309391000 INFO sending trade batch 585
2016.10.12D15:08:44.312676000 INFO sending trade batch 584
2016.10.12D15:08:44.317651000 INFO sending trade batch 583
2016.10.12D15:08:44.321314000 INFO sending trade batch 582
2016.10.12D15:08:44.331314000 INFO sending trade batch 581
2016.10.12D15:08:44.340873000 INFO sending trade batch 580
2016.10.12D15:08:44.345179000 INFO sending trade batch 579
2016.10.12D15:08:44.349487000 INFO sending trade batch 578
2016.10.12D15:08:44.357681000 INFO sending trade batch 577
2016.10.12D15:08:44.366037000 INFO sending trade batch 576
2016.10.12D15:08:44.372597000 INFO sending trade batch 575
2016.10.12D15:08:44.376106000 INFO sending trade batch 574
2016.10.12D15:08:44.385356000 INFO sending trade batch 573
2016.10.12D15:08:44.391274000 INFO sending trade batch 572
2016.10.12D15:08:44.402060000 INFO sending trade batch 571
2016.10.12D15:08:44.410888000 INFO sending trade batch 570
2016.10.12D15:08:44.419281000 INFO sending trade batch 569
2016.10.12D15:08:44.428196000 INFO sending trade batch 568
2016.10.12D15:08:44.436540000 INFO sending trade batch 567
2016.10.12D15:08:44.442753000 INFO sending trade batch 566
2016.10.12D15:08:44.445847000 INFO sending trade batch 565
2016.10.12D15:08:44.455222000 INFO sending trade batch 564
2016.10.12D15:08:44.458690000 INFO sending trade batch 563
2016.10.12D15:08:44.464790000 INFO sending trade batch 562
2016.10.12D15:08:44.471482000 INFO sending trade batch 561
2016.10.12D15:08:44.480074000 INFO sending trade batch 560
2016.10.12D15:08:44.484473000 INFO sending trade batch 559
2016.10.12D15:08:44.489389000 INFO sending trade batch 558
2016.10.12D15:08:44.493372000 INFO sending trade batch 557
2016.10.12D15:08:44.497330000 INFO sending trade batch 556
2016.10.12D15:08:44.500887000 INFO sending trade batch 555
2016.10.12D15:08:44.508266000 INFO sending trade batch 554
2016.10.12D15:08:44.514872000 INFO sending trade batch 553
2016.10.12D15:08:44.519229000 INFO sending trade batch 552
2016.10.12D15:08:44.528639000 INFO sending trade batch 551
2016.10.12D15:08:44.535168000 INFO sending trade batch 550
2016.10.12D15:08:44.544128000 INFO sending trade batch 549
2016.10.12D15:08:44.553003000 INFO sending trade batch 548
2016.10.12D15:08:44.562231000 INFO sending trade batch 547
2016.10.12D15:08:44.567150000 INFO sending trade batch 546
2016.10.12D15:08:44.571402000 INFO sending trade batch 545
2016.10.12D15:08:44.576745000 INFO sending trade batch 544
2016.10.12D15:08:44.584076000 INFO sending trade batch 543
2016.10.12D15:08:44.587470000 INFO sending trade batch 542
2016.10.12D15:08:44.595814000 INFO sending trade batch 541
2016.10.12D15:08:44.599493000 INFO sending trade batch 540
2016.10.12D15:08:44.606173000 INFO sending trade batch 539
2016.10.12D15:08:44.612497000 INFO sending trade batch 538
2016.10.12D15:08:44.616877000 INFO sending trade batch 537
2016.10.12D15:08:44.620018000 INFO sending trade batch 536
2016.10.12D15:08:44.626817000 INFO sending trade batch 535
2016.10.12D15:08:44.636007000 INFO sending trade batch 534
2016.10.12D15:08:44.639966000 INFO sending trade batch 533
2016.10.12D15:08:44.646033000 INFO sending trade batch 532
2016.10.12D15:08:44.654240000 INFO sending trade batch 531
2016.10.12D15:08:44.660454000 INFO sending trade batch 530
2016.10.12D15:08:44.663982000 INFO sending trade batch 529
2016.10.12D15:08:44.669595000 INFO sending trade batch 528
2016.10.12D15:08:44.678077000 INFO sending trade batch 527
2016.10.12D15:08:44.683355000 INFO sending trade batch 526
2016.10.12D15:08:44.692208000 INFO sending trade batch 525
2016.10.12D15:08:44.697930000 INFO sending trade batch 524
2016.10.12D15:08:44.705654000 INFO sending trade batch 523
2016.10.12D15:08:44.713377000 INFO sending trade batch 522
2016.10.12D15:08:44.722456000 INFO sending trade batch 521
2016.10.12D15:08:44.728211000 INFO sending trade batch 520
2016.10.12D15:08:44.735277000 INFO sending trade batch 519
2016.10.12D15:08:44.741364000 INFO sending trade batch 518
2016.10.12D15:08:44.748934000 INFO sending trade batch 517
2016.10.12D15:08:44.753539000 INFO sending trade batch 516
2016.10.12D15:08:44.759933000 INFO sending trade batch 515
2016.10.12D15:08:44.766089000 INFO sending trade batch 514
2016.10.12D15:08:44.771767000 INFO sending trade batch 513
2016.10.12D15:08:44.777662000 INFO sending trade batch 512
2016.10.12D15:08:44.786978000 INFO sending trade batch 511
2016.10.12D15:08:44.790570000 INFO sending trade batch 510
2016.10.12D15:08:44.795478000 INFO sending trade batch 509
2016.10.12D15:08:44.801562000 INFO sending trade batch 508
2016.10.12D15:08:44.807013000 INFO sending trade batch 507
2016.10.12D15:08:44.812264000 INFO sending trade batch 506
2016.10.12D15:08:44.815284000 INFO sending trade batch 505
2016.10.12D15:08:44.821158000 INFO sending trade batch 504
2016.10.12D15:08:44.826558000 INFO sending trade batch 503
2016.10.12D15:08:44.833871000 INFO sending trade batch 502
2016.10.12D15:08:44.838333000 INFO sending trade batch 501
2016.10.12D15:08:44.841802000 INFO sending trade batch 500
2016.10.12D15:08:44.847377000 INFO sending trade batch 499
2016.10.12D15:08:44.855947000 INFO sending trade batch 498
2016.10.12D15:08:44.864953000 INFO sending trade batch 497
2016.10.12D15:08:44.869591000 INFO sending trade batch 496
2016.10.12D15:08:44.877250000 INFO sending trade batch 495
2016.10.12D15:08:44.885162000 INFO sending trade batch 494
2016.10.12D15:08:44.893007000 INFO sending trade batch 493
2016.10.12D15:08:44.897145000 INFO sending trade batch 492
2016.10.12D15:08:44.899960000 INFO sending trade batch 491
2016.10.12D15:08:44.903480000 INFO sending trade batch 490
2016.10.12D15:08:44.906419000 INFO sending trade batch 489
2016.10.12D15:08:44.914253000 INFO sending trade batch 488
2016.10.12D15:08:44.919694000 INFO sending trade batch 487
2016.10.12D15:08:44.928375000 INFO sending trade batch 486
2016.10.12D15:08:44.934418000 INFO sending trade batch 485
2016.10.12D15:08:44.941970000 INFO sending trade batch 484
2016.10.12D15:08:44.945837000 INFO sending trade batch 483
2016.10.12D15:08:44.953702000 INFO sending trade batch 482
2016.10.12D15:08:44.956530000 INFO sending trade batch 481
2016.10.12D15:08:44.960953000 INFO sending trade batch 480
2016.10.12D15:08:44.968999000 INFO sending trade batch 479
2016.10.12D15:08:44.974340000 INFO sending trade batch 478
2016.10.12D15:08:44.978649000 INFO sending trade batch 477
2016.10.12D15:08:44.989178000 INFO sending trade batch 476
2016.10.12D15:08:44.994936000 INFO sending trade batch 475
2016.10.12D15:08:44.998526000 INFO sending trade batch 474
2016.10.12D15:08:45.007249000 INFO sending trade batch 473
2016.10.12D15:08:45.013973000 INFO sending trade batch 472
2016.10.12D15:08:45.020938000 INFO sending trade batch 471
2016.10.12D15:08:45.027412000 INFO sending trade batch 470
2016.10.12D15:08:45.031546000 INFO sending trade batch 469
2016.10.12D15:08:45.040494000 INFO sending trade batch 468
2016.10.12D15:08:45.048949000 INFO sending trade batch 467
2016.10.12D15:08:45.056403000 INFO sending trade batch 466
2016.10.12D15:08:45.062820000 INFO sending trade batch 465
2016.10.12D15:08:45.065819000 INFO sending trade batch 464
2016.10.12D15:08:45.073499000 INFO sending trade batch 463
2016.10.12D15:08:45.078973000 INFO sending trade batch 462
2016.10.12D15:08:45.084744000 INFO sending trade batch 461
2016.10.12D15:08:45.094567000 INFO sending trade batch 460
2016.10.12D15:08:45.101979000 INFO sending trade batch 459
2016.10.12D15:08:45.106607000 INFO sending trade batch 458
2016.10.12D15:08:45.113696000 INFO sending trade batch 457
2016.10.12D15:08:45.121051000 INFO sending trade batch 456
2016.10.12D15:08:45.129900000 INFO sending trade batch 455
2016.10.12D15:08:45.133949000 INFO sending trade batch 454
2016.10.12D15:08:45.142980000 INFO sending trade batch 453
2016.10.12D15:08:45.151982000 INFO sending trade batch 452
2016.10.12D15:08:45.161339000 INFO sending trade batch 451
2016.10.12D15:08:45.168502000 INFO sending trade batch 450
2016.10.12D15:08:45.173540000 INFO sending trade batch 449
2016.10.12D15:08:45.179654000 INFO sending trade batch 448
2016.10.12D15:08:45.184341000 INFO sending trade batch 447
2016.10.12D15:08:45.190439000 INFO sending trade batch 446
2016.10.12D15:08:45.198247000 INFO sending trade batch 445
2016.10.12D15:08:45.203775000 INFO sending trade batch 444
2016.10.12D15:08:45.209767000 INFO sending trade batch 443
2016.10.12D15:08:45.216283000 INFO sending trade batch 442
2016.10.12D15:08:45.224535000 INFO sending trade batch 441
2016.10.12D15:08:45.228270000 INFO sending trade batch 440
2016.10.12D15:08:45.235636000 INFO sending trade batch 439
2016.10.12D15:08:45.244676000 INFO sending trade batch 438
2016.10.12D15:08:45.254687000 INFO sending trade batch 437
2016.10.12D15:08:45.258372000 INFO sending trade batch 436
2016.10.12D15:08:45.263353000 INFO sending trade batch 435
2016.10.12D15:08:45.273145000 INFO sending trade batch 434
2016.10.12D15:08:45.278421000 INFO sending trade batch 433
2016.10.12D15:08:45.286549000 INFO sending trade batch 432
2016.10.12D15:08:45.291252000 INFO sending trade batch 431
2016.10.12D15:08:45.298344000 INFO sending trade batch 430
2016.10.12D15:08:45.305612000 INFO sending trade batch 429
2016.10.12D15:08:45.311416000 INFO sending trade batch 428
2016.10.12D15:08:45.320163000 INFO sending trade batch 427
2016.10.12D15:08:45.328257000 INFO sending trade batch 426
2016.10.12D15:08:45.335846000 INFO sending trade batch 425
2016.10.12D15:08:45.344448000 INFO sending trade batch 424
2016.10.12D15:08:45.349844000 INFO sending trade batch 423
2016.10.12D15:08:45.356119000 INFO sending trade batch 422
2016.10.12D15:08:45.359330000 INFO sending trade batch 421
2016.10.12D15:08:45.369851000 INFO sending trade batch 420
2016.10.12D15:08:45.377591000 INFO sending trade batch 419
2016.10.12D15:08:45.381137000 INFO sending trade batch 418
2016.10.12D15:08:45.387533000 INFO sending trade batch 417
2016.10.12D15:08:45.394130000 INFO sending trade batch 416
2016.10.12D15:08:45.398763000 INFO sending trade batch 415
2016.10.12D15:08:45.406792000 INFO sending trade batch 414
2016.10.12D15:08:45.412608000 INFO sending trade batch 413
2016.10.12D15:08:45.419793000 INFO sending trade batch 412
2016.10.12D15:08:45.424179000 INFO sending trade batch 411
2016.10.12D15:08:45.429943000 INFO sending trade batch 410
2016.10.12D15:08:45.434728000 INFO sending trade batch 409
2016.10.12D15:08:45.438493000 INFO sending trade batch 408
2016.10.12D15:08:45.446207000 INFO sending trade batch 407
2016.10.12D15:08:45.450963000 INFO sending trade batch 406
2016.10.12D15:08:45.455025000 INFO sending trade batch 405
2016.10.12D15:08:45.460092000 INFO sending trade batch 404
2016.10.12D15:08:45.463806000 INFO sending trade batch 403
2016.10.12D15:08:45.468958000 INFO sending trade batch 402
2016.10.12D15:08:45.474106000 INFO sending trade batch 401
2016.10.12D15:08:45.482247000 INFO sending trade batch 400
2016.10.12D15:08:45.491206000 INFO sending trade batch 399
2016.10.12D15:08:45.494343000 INFO sending trade batch 398
2016.10.12D15:08:45.499112000 INFO sending trade batch 397
2016.10.12D15:08:45.502390000 INFO sending trade batch 396
2016.10.12D15:08:45.508786000 INFO sending trade batch 395
2016.10.12D15:08:45.513422000 INFO sending trade batch 394
2016.10.12D15:08:45.519961000 INFO sending trade batch 393
2016.10.12D15:08:45.526703000 INFO sending trade batch 392
2016.10.12D15:08:45.532324000 INFO sending trade batch 391
2016.10.12D15:08:45.538053000 INFO sending trade batch 390
2016.10.12D15:08:45.546122000 INFO sending trade batch 389
2016.10.12D15:08:45.549984000 INFO sending trade batch 388
2016.10.12D15:08:45.554741000 INFO sending trade batch 387
2016.10.12D15:08:45.559581000 INFO sending trade batch 386
2016.10.12D15:08:45.567504000 INFO sending trade batch 385
2016.10.12D15:08:45.575642000 INFO sending trade batch 384
2016.10.12D15:08:45.582411000 INFO sending trade batch 383
2016.10.12D15:08:45.590713000 INFO sending trade batch 382
2016.10.12D15:08:45.596461000 INFO sending trade batch 381
2016.10.12D15:08:45.601503000 INFO sending trade batch 380
2016.10.12D15:08:45.609874000 INFO sending trade batch 379
2016.10.12D15:08:45.615198000 INFO sending trade batch 378
2016.10.12D15:08:45.618573000 INFO sending trade batch 377
2016.10.12D15:08:45.626939000 INFO sending trade batch 376
2016.10.12D15:08:45.633385000 INFO sending trade batch 375
2016.10.12D15:08:45.638058000 INFO sending trade batch 374
2016.10.12D15:08:45.646820000 INFO sending trade batch 373
2016.10.12D15:08:45.651376000 INFO sending trade batch 372
2016.10.12D15:08:45.654585000 INFO sending trade batch 371
2016.10.12D15:08:45.660633000 INFO sending trade batch 370
2016.10.12D15:08:45.667952000 INFO sending trade batch 369
2016.10.12D15:08:45.672092000 INFO sending trade batch 368
2016.10.12D15:08:45.676955000 INFO sending trade batch 367
2016.10.12D15:08:45.682565000 INFO sending trade batch 366
2016.10.12D15:08:45.689433000 INFO sending trade batch 365
2016.10.12D15:08:45.695829000 INFO sending trade batch 364
2016.10.12D15:08:45.704074000 INFO sending trade batch 363
2016.10.12D15:08:45.712334000 INFO sending trade batch 362
2016.10.12D15:08:45.717600000 INFO sending trade batch 361
2016.10.12D15:08:45.721156000 INFO sending trade batch 360
2016.10.12D15:08:45.726905000 INFO sending trade batch 359
2016.10.12D15:08:45.733959000 INFO sending trade batch 358
2016.10.12D15:08:45.741154000 INFO sending trade batch 357
2016.10.12D15:08:45.749930000 INFO sending trade batch 356
2016.10.12D15:08:45.755127000 INFO sending trade batch 355
2016.10.12D15:08:45.760292000 INFO sending trade batch 354
2016.10.12D15:08:45.766152000 INFO sending trade batch 353
2016.10.12D15:08:45.772928000 INFO sending trade batch 352
2016.10.12D15:08:45.779494000 INFO sending trade batch 351
2016.10.12D15:08:45.785177000 INFO sending trade batch 350
2016.10.12D15:08:45.788021000 INFO sending trade batch 349
2016.10.12D15:08:45.792775000 INFO sending trade batch 348
2016.10.12D15:08:45.799320000 INFO sending trade batch 347
2016.10.12D15:08:45.808274000 INFO sending trade batch 346
2016.10.12D15:08:45.813285000 INFO sending trade batch 345
2016.10.12D15:08:45.819239000 INFO sending trade batch 344
2016.10.12D15:08:45.824756000 INFO sending trade batch 343
2016.10.12D15:08:45.829271000 INFO sending trade batch 342
2016.10.12D15:08:45.834242000 INFO sending trade batch 341
2016.10.12D15:08:45.841440000 INFO sending trade batch 340
2016.10.12D15:08:45.847272000 INFO sending trade batch 339
2016.10.12D15:08:45.856348000 INFO sending trade batch 338
2016.10.12D15:08:45.863593000 INFO sending trade batch 337
2016.10.12D15:08:45.869659000 INFO sending trade batch 336
2016.10.12D15:08:45.874553000 INFO sending trade batch 335
2016.10.12D15:08:45.880529000 INFO sending trade batch 334
2016.10.12D15:08:45.889694000 INFO sending trade batch 333
2016.10.12D15:08:45.898001000 INFO sending trade batch 332
2016.10.12D15:08:45.901539000 INFO sending trade batch 331
2016.10.12D15:08:45.909584000 INFO sending trade batch 330
2016.10.12D15:08:45.917939000 INFO sending trade batch 329
2016.10.12D15:08:45.921180000 INFO sending trade batch 328
2016.10.12D15:08:45.925598000 INFO sending trade batch 327
2016.10.12D15:08:45.929474000 INFO sending trade batch 326
2016.10.12D15:08:45.932349000 INFO sending trade batch 325
2016.10.12D15:08:45.939392000 INFO sending trade batch 324
2016.10.12D15:08:45.944616000 INFO sending trade batch 323
2016.10.12D15:08:45.952699000 INFO sending trade batch 322
2016.10.12D15:08:45.957766000 INFO sending trade batch 321
2016.10.12D15:08:45.961235000 INFO sending trade batch 320
2016.10.12D15:08:45.966793000 INFO sending trade batch 319
2016.10.12D15:08:45.976029000 INFO sending trade batch 318
2016.10.12D15:08:45.984250000 INFO sending trade batch 317
2016.10.12D15:08:45.990042000 INFO sending trade batch 316
2016.10.12D15:08:45.995388000 INFO sending trade batch 315
2016.10.12D15:08:46.002504000 INFO sending trade batch 314
2016.10.12D15:08:46.007594000 INFO sending trade batch 313
2016.10.12D15:08:46.016230000 INFO sending trade batch 312
2016.10.12D15:08:46.020892000 INFO sending trade batch 311
2016.10.12D15:08:46.025894000 INFO sending trade batch 310
2016.10.12D15:08:46.030718000 INFO sending trade batch 309
2016.10.12D15:08:46.035014000 INFO sending trade batch 308
2016.10.12D15:08:46.043881000 INFO sending trade batch 307
2016.10.12D15:08:46.050969000 INFO sending trade batch 306
2016.10.12D15:08:46.054489000 INFO sending trade batch 305
2016.10.12D15:08:46.064156000 INFO sending trade batch 304
2016.10.12D15:08:46.072852000 INFO sending trade batch 303
2016.10.12D15:08:46.076525000 INFO sending trade batch 302
2016.10.12D15:08:46.080514000 INFO sending trade batch 301
2016.10.12D15:08:46.085010000 INFO sending trade batch 300
2016.10.12D15:08:46.092570000 INFO sending trade batch 299
2016.10.12D15:08:46.101259000 INFO sending trade batch 298
2016.10.12D15:08:46.107843000 INFO sending trade batch 297
2016.10.12D15:08:46.114590000 INFO sending trade batch 296
2016.10.12D15:08:46.122817000 INFO sending trade batch 295
2016.10.12D15:08:46.128169000 INFO sending trade batch 294
2016.10.12D15:08:46.135903000 INFO sending trade batch 293
2016.10.12D15:08:46.143701000 INFO sending trade batch 292
2016.10.12D15:08:46.152085000 INFO sending trade batch 291
2016.10.12D15:08:46.159189000 INFO sending trade batch 290
2016.10.12D15:08:46.163704000 INFO sending trade batch 289
2016.10.12D15:08:46.172835000 INFO sending trade batch 288
2016.10.12D15:08:46.180193000 INFO sending trade batch 287
2016.10.12D15:08:46.185566000 INFO sending trade batch 286
2016.10.12D15:08:46.190629000 INFO sending trade batch 285
2016.10.12D15:08:46.196808000 INFO sending trade batch 284
2016.10.12D15:08:46.204013000 INFO sending trade batch 283
2016.10.12D15:08:46.209836000 INFO sending trade batch 282
2016.10.12D15:08:46.218242000 INFO sending trade batch 281
2016.10.12D15:08:46.225235000 INFO sending trade batch 280
2016.10.12D15:08:46.233482000 INFO sending trade batch 279
2016.10.12D15:08:46.239478000 INFO sending trade batch 278
2016.10.12D15:08:46.243447000 INFO sending trade batch 277
2016.10.12D15:08:46.254210000 INFO sending trade batch 276
2016.10.12D15:08:46.259448000 INFO sending trade batch 275
2016.10.12D15:08:46.264337000 INFO sending trade batch 274
2016.10.12D15:08:46.271197000 INFO sending trade batch 273
2016.10.12D15:08:46.276419000 INFO sending trade batch 272
2016.10.12D15:08:46.280814000 INFO sending trade batch 271
2016.10.12D15:08:46.287087000 INFO sending trade batch 270
2016.10.12D15:08:46.295073000 INFO sending trade batch 269
2016.10.12D15:08:46.304404000 INFO sending trade batch 268
2016.10.12D15:08:46.309691000 INFO sending trade batch 267
2016.10.12D15:08:46.316138000 INFO sending trade batch 266
2016.10.12D15:08:46.321485000 INFO sending trade batch 265
2016.10.12D15:08:46.332039000 INFO sending trade batch 264
2016.10.12D15:08:46.338093000 INFO sending trade batch 263
2016.10.12D15:08:46.344504000 INFO sending trade batch 262
2016.10.12D15:08:46.352556000 INFO sending trade batch 261
2016.10.12D15:08:46.357490000 INFO sending trade batch 260
2016.10.12D15:08:46.367843000 INFO sending trade batch 259
2016.10.12D15:08:46.374883000 INFO sending trade batch 258
2016.10.12D15:08:46.383802000 INFO sending trade batch 257
2016.10.12D15:08:46.390024000 INFO sending trade batch 256
2016.10.12D15:08:46.395126000 INFO sending trade batch 255
2016.10.12D15:08:46.398653000 INFO sending trade batch 254
2016.10.12D15:08:46.408646000 INFO sending trade batch 253
2016.10.12D15:08:46.414423000 INFO sending trade batch 252
2016.10.12D15:08:46.422425000 INFO sending trade batch 251
2016.10.12D15:08:46.428448000 INFO sending trade batch 250
2016.10.12D15:08:46.432547000 INFO sending trade batch 249
2016.10.12D15:08:46.435554000 INFO sending trade batch 248
2016.10.12D15:08:46.443165000 INFO sending trade batch 247
2016.10.12D15:08:46.452157000 INFO sending trade batch 246
2016.10.12D15:08:46.455551000 INFO sending trade batch 245
2016.10.12D15:08:46.461365000 INFO sending trade batch 244
2016.10.12D15:08:46.465668000 INFO sending trade batch 243
2016.10.12D15:08:46.473966000 INFO sending trade batch 242
2016.10.12D15:08:46.479141000 INFO sending trade batch 241
2016.10.12D15:08:46.483813000 INFO sending trade batch 240
2016.10.12D15:08:46.491712000 INFO sending trade batch 239
2016.10.12D15:08:46.496603000 INFO sending trade batch 238
2016.10.12D15:08:46.500155000 INFO sending trade batch 237
2016.10.12D15:08:46.506000000 INFO sending trade batch 236
2016.10.12D15:08:46.512426000 INFO sending trade batch 235
2016.10.12D15:08:46.521099000 INFO sending trade batch 234
2016.10.12D15:08:46.530014000 INFO sending trade batch 233
2016.10.12D15:08:46.537462000 INFO sending trade batch 232
2016.10.12D15:08:46.545221000 INFO sending trade batch 231
2016.10.12D15:08:46.550176000 INFO sending trade batch 230
2016.10.12D15:08:46.559219000 INFO sending trade batch 229
2016.10.12D15:08:46.568103000 INFO sending trade batch 228
2016.10.12D15:08:46.573942000 INFO sending trade batch 227
2016.10.12D15:08:46.576835000 INFO sending trade batch 226
2016.10.12D15:08:46.583712000 INFO sending trade batch 225
2016.10.12D15:08:46.589176000 INFO sending trade batch 224
2016.10.12D15:08:46.593710000 INFO sending trade batch 223
2016.10.12D15:08:46.601329000 INFO sending trade batch 222
2016.10.12D15:08:46.607010000 INFO sending trade batch 221
2016.10.12D15:08:46.613442000 INFO sending trade batch 220
2016.10.12D15:08:46.618974000 INFO sending trade batch 219
2016.10.12D15:08:46.622189000 INFO sending trade batch 218
2016.10.12D15:08:46.630811000 INFO sending trade batch 217
2016.10.12D15:08:46.634929000 INFO sending trade batch 216
2016.10.12D15:08:46.638509000 INFO sending trade batch 215
2016.10.12D15:08:46.641603000 INFO sending trade batch 214
2016.10.12D15:08:46.645057000 INFO sending trade batch 213
2016.10.12D15:08:46.653750000 INFO sending trade batch 212
2016.10.12D15:08:46.657138000 INFO sending trade batch 211
2016.10.12D15:08:46.664148000 INFO sending trade batch 210
2016.10.12D15:08:46.668824000 INFO sending trade batch 209
2016.10.12D15:08:46.676985000 INFO sending trade batch 208
2016.10.12D15:08:46.682001000 INFO sending trade batch 207
2016.10.12D15:08:46.685611000 INFO sending trade batch 206
2016.10.12D15:08:46.691563000 INFO sending trade batch 205
2016.10.12D15:08:46.697280000 INFO sending trade batch 204
2016.10.12D15:08:46.700887000 INFO sending trade batch 203
2016.10.12D15:08:46.707374000 INFO sending trade batch 202
2016.10.12D15:08:46.711545000 INFO sending trade batch 201
2016.10.12D15:08:46.715061000 INFO sending trade batch 200
2016.10.12D15:08:46.719327000 INFO sending trade batch 199
2016.10.12D15:08:46.723808000 INFO sending trade batch 198
2016.10.12D15:08:46.732396000 INFO sending trade batch 197
2016.10.12D15:08:46.739901000 INFO sending trade batch 196
2016.10.12D15:08:46.742741000 INFO sending trade batch 195
2016.10.12D15:08:46.748496000 INFO sending trade batch 194
2016.10.12D15:08:46.755672000 INFO sending trade batch 193
2016.10.12D15:08:46.763409000 INFO sending trade batch 192
2016.10.12D15:08:46.768364000 INFO sending trade batch 191
2016.10.12D15:08:46.773670000 INFO sending trade batch 190
2016.10.12D15:08:46.776793000 INFO sending trade batch 189
2016.10.12D15:08:46.783496000 INFO sending trade batch 188
2016.10.12D15:08:46.787125000 INFO sending trade batch 187
2016.10.12D15:08:46.791263000 INFO sending trade batch 186
2016.10.12D15:08:46.796303000 INFO sending trade batch 185
2016.10.12D15:08:46.804723000 INFO sending trade batch 184
2016.10.12D15:08:46.813497000 INFO sending trade batch 183
2016.10.12D15:08:46.817445000 INFO sending trade batch 182
2016.10.12D15:08:46.825384000 INFO sending trade batch 181
2016.10.12D15:08:46.829808000 INFO sending trade batch 180
2016.10.12D15:08:46.835310000 INFO sending trade batch 179
2016.10.12D15:08:46.838184000 INFO sending trade batch 178
2016.10.12D15:08:46.845360000 INFO sending trade batch 177
2016.10.12D15:08:46.848347000 INFO sending trade batch 176
2016.10.12D15:08:46.853709000 INFO sending trade batch 175
2016.10.12D15:08:46.858706000 INFO sending trade batch 174
2016.10.12D15:08:46.863367000 INFO sending trade batch 173
2016.10.12D15:08:46.867653000 INFO sending trade batch 172
2016.10.12D15:08:46.872404000 INFO sending trade batch 171
2016.10.12D15:08:46.875621000 INFO sending trade batch 170
2016.10.12D15:08:46.880548000 INFO sending trade batch 169
2016.10.12D15:08:46.887056000 INFO sending trade batch 168
2016.10.12D15:08:46.890679000 INFO sending trade batch 167
2016.10.12D15:08:46.894345000 INFO sending trade batch 166
2016.10.12D15:08:46.897757000 INFO sending trade batch 165
2016.10.12D15:08:46.905639000 INFO sending trade batch 164
2016.10.12D15:08:46.913252000 INFO sending trade batch 163
2016.10.12D15:08:46.918331000 INFO sending trade batch 162
2016.10.12D15:08:46.924585000 INFO sending trade batch 161
2016.10.12D15:08:46.931641000 INFO sending trade batch 160
2016.10.12D15:08:46.939727000 INFO sending trade batch 159
2016.10.12D15:08:46.948277000 INFO sending trade batch 158
2016.10.12D15:08:46.951243000 INFO sending trade batch 157
2016.10.12D15:08:46.955112000 INFO sending trade batch 156
2016.10.12D15:08:46.962512000 INFO sending trade batch 155
2016.10.12D15:08:46.966214000 INFO sending trade batch 154
2016.10.12D15:08:46.970223000 INFO sending trade batch 153
2016.10.12D15:08:46.978751000 INFO sending trade batch 152
2016.10.12D15:08:46.984090000 INFO sending trade batch 151
2016.10.12D15:08:46.988422000 INFO sending trade batch 150
2016.10.12D15:08:46.996424000 INFO sending trade batch 149
2016.10.12D15:08:47.000782000 INFO sending trade batch 148
2016.10.12D15:08:47.009335000 INFO sending trade batch 147
2016.10.12D15:08:47.016598000 INFO sending trade batch 146
2016.10.12D15:08:47.024798000 INFO sending trade batch 145
2016.10.12D15:08:47.030186000 INFO sending trade batch 144
2016.10.12D15:08:47.037784000 INFO sending trade batch 143
2016.10.12D15:08:47.045212000 INFO sending trade batch 142
2016.10.12D15:08:47.048365000 INFO sending trade batch 141
2016.10.12D15:08:47.056786000 INFO sending trade batch 140
2016.10.12D15:08:47.065980000 INFO sending trade batch 139
2016.10.12D15:08:47.069702000 INFO sending trade batch 138
2016.10.12D15:08:47.074952000 INFO sending trade batch 137
2016.10.12D15:08:47.079383000 INFO sending trade batch 136
2016.10.12D15:08:47.085165000 INFO sending trade batch 135
2016.10.12D15:08:47.094270000 INFO sending trade batch 134
2016.10.12D15:08:47.097397000 INFO sending trade batch 133
2016.10.12D15:08:47.103400000 INFO sending trade batch 132
2016.10.12D15:08:47.108147000 INFO sending trade batch 131
2016.10.12D15:08:47.111891000 INFO sending trade batch 130
2016.10.12D15:08:47.120498000 INFO sending trade batch 129
2016.10.12D15:08:47.126711000 INFO sending trade batch 128
2016.10.12D15:08:47.137245000 INFO sending trade batch 127
2016.10.12D15:08:47.145343000 INFO sending trade batch 126
2016.10.12D15:08:47.152903000 INFO sending trade batch 125
2016.10.12D15:08:47.157525000 INFO sending trade batch 124
2016.10.12D15:08:47.168907000 INFO sending trade batch 123
2016.10.12D15:08:47.174702000 INFO sending trade batch 122
2016.10.12D15:08:47.184686000 INFO sending trade batch 121
2016.10.12D15:08:47.189781000 INFO sending trade batch 120
2016.10.12D15:08:47.198391000 INFO sending trade batch 119
2016.10.12D15:08:47.209231000 INFO sending trade batch 118
2016.10.12D15:08:47.218071000 INFO sending trade batch 117
2016.10.12D15:08:47.226521000 INFO sending trade batch 116
2016.10.12D15:08:47.232030000 INFO sending trade batch 115
2016.10.12D15:08:47.241468000 INFO sending trade batch 114
2016.10.12D15:08:47.249244000 INFO sending trade batch 113
2016.10.12D15:08:47.258417000 INFO sending trade batch 112
2016.10.12D15:08:47.266249000 INFO sending trade batch 111
2016.10.12D15:08:47.273696000 INFO sending trade batch 110
2016.10.12D15:08:47.277406000 INFO sending trade batch 109
2016.10.12D15:08:47.281001000 INFO sending trade batch 108
2016.10.12D15:08:47.285902000 INFO sending trade batch 107
2016.10.12D15:08:47.289516000 INFO sending trade batch 106
2016.10.12D15:08:47.299624000 INFO sending trade batch 105
2016.10.12D15:08:47.304881000 INFO sending trade batch 104
2016.10.12D15:08:47.311896000 INFO sending trade batch 103
2016.10.12D15:08:47.321390000 INFO sending trade batch 102
2016.10.12D15:08:47.329277000 INFO sending trade batch 101
2016.10.12D15:08:47.334035000 INFO sending trade batch 100
2016.10.12D15:08:47.338481000 INFO sending trade batch 99
2016.10.12D15:08:47.344825000 INFO sending trade batch 98
2016.10.12D15:08:47.352542000 INFO sending trade batch 97
2016.10.12D15:08:47.358033000 INFO sending trade batch 96
2016.10.12D15:08:47.362819000 INFO sending trade batch 95
2016.10.12D15:08:47.371581000 INFO sending trade batch 94
2016.10.12D15:08:47.378786000 INFO sending trade batch 93
2016.10.12D15:08:47.386034000 INFO sending trade batch 92
2016.10.12D15:08:47.391174000 INFO sending trade batch 91
2016.10.12D15:08:47.399200000 INFO sending trade batch 90
2016.10.12D15:08:47.409786000 INFO sending trade batch 89
2016.10.12D15:08:47.419097000 INFO sending trade batch 88
2016.10.12D15:08:47.423958000 INFO sending trade batch 87
2016.10.12D15:08:47.430837000 INFO sending trade batch 86
2016.10.12D15:08:47.436451000 INFO sending trade batch 85
2016.10.12D15:08:47.442113000 INFO sending trade batch 84
2016.10.12D15:08:47.450203000 INFO sending trade batch 83
2016.10.12D15:08:47.454980000 INFO sending trade batch 82
2016.10.12D15:08:47.461797000 INFO sending trade batch 81
2016.10.12D15:08:47.468864000 INFO sending trade batch 80
2016.10.12D15:08:47.473501000 INFO sending trade batch 79
2016.10.12D15:08:47.477008000 INFO sending trade batch 78
2016.10.12D15:08:47.483363000 INFO sending trade batch 77
2016.10.12D15:08:47.491834000 INFO sending trade batch 76
2016.10.12D15:08:47.498069000 INFO sending trade batch 75
2016.10.12D15:08:47.503939000 INFO sending trade batch 74
2016.10.12D15:08:47.509493000 INFO sending trade batch 73
2016.10.12D15:08:47.517764000 INFO sending trade batch 72
2016.10.12D15:08:47.526460000 INFO sending trade batch 71
2016.10.12D15:08:47.532054000 INFO sending trade batch 70
2016.10.12D15:08:47.538870000 INFO sending trade batch 69
2016.10.12D15:08:47.544659000 INFO sending trade batch 68
2016.10.12D15:08:47.548603000 INFO sending trade batch 67
2016.10.12D15:08:47.557060000 INFO sending trade batch 66
2016.10.12D15:08:47.564101000 INFO sending trade batch 65
2016.10.12D15:08:47.572446000 INFO sending trade batch 64
2016.10.12D15:08:47.578918000 INFO sending trade batch 63
2016.10.12D15:08:47.583644000 INFO sending trade batch 62
2016.10.12D15:08:47.589782000 INFO sending trade batch 61
2016.10.12D15:08:47.598070000 INFO sending trade batch 60
2016.10.12D15:08:47.604163000 INFO sending trade batch 59
2016.10.12D15:08:47.612487000 INFO sending trade batch 58
2016.10.12D15:08:47.616085000 INFO sending trade batch 57
2016.10.12D15:08:47.624171000 INFO sending trade batch 56
2016.10.12D15:08:47.630387000 INFO sending trade batch 55
2016.10.12D15:08:47.638168000 INFO sending trade batch 54
2016.10.12D15:08:47.642988000 INFO sending trade batch 53
2016.10.12D15:08:47.646722000 INFO sending trade batch 52
2016.10.12D15:08:47.651132000 INFO sending trade batch 51
2016.10.12D15:08:47.657636000 INFO sending trade batch 50
2016.10.12D15:08:47.663290000 INFO sending trade batch 49
2016.10.12D15:08:47.667112000 INFO sending trade batch 48
2016.10.12D15:08:47.675406000 INFO sending trade batch 47
2016.10.12D15:08:47.678436000 INFO sending trade batch 46
2016.10.12D15:08:47.687702000 INFO sending trade batch 45
2016.10.12D15:08:47.691768000 INFO sending trade batch 44
2016.10.12D15:08:47.698358000 INFO sending trade batch 43
2016.10.12D15:08:47.702604000 INFO sending trade batch 42
2016.10.12D15:08:47.711392000 INFO sending trade batch 41
2016.10.12D15:08:47.715208000 INFO sending trade batch 40
2016.10.12D15:08:47.721117000 INFO sending trade batch 39
2016.10.12D15:08:47.727910000 INFO sending trade batch 38
2016.10.12D15:08:47.736578000 INFO sending trade batch 37
2016.10.12D15:08:47.739949000 INFO sending trade batch 36
2016.10.12D15:08:47.744248000 INFO sending trade batch 35
2016.10.12D15:08:47.747632000 INFO sending trade batch 34
2016.10.12D15:08:47.752718000 INFO sending trade batch 33
2016.10.12D15:08:47.756201000 INFO sending trade batch 32
2016.10.12D15:08:47.763690000 INFO sending trade batch 31
2016.10.12D15:08:47.766935000 INFO sending trade batch 30
2016.10.12D15:08:47.776001000 INFO sending trade batch 29
2016.10.12D15:08:47.781389000 INFO sending trade batch 28
2016.10.12D15:08:47.789405000 INFO sending trade batch 27
2016.10.12D15:08:47.793724000 INFO sending trade batch 26
2016.10.12D15:08:47.801447000 INFO sending trade batch 25
2016.10.12D15:08:47.806869000 INFO sending trade batch 24
2016.10.12D15:08:47.811290000 INFO sending trade batch 23
2016.10.12D15:08:47.815032000 INFO sending trade batch 22
2016.10.12D15:08:47.823524000 INFO sending trade batch 21
2016.10.12D15:08:47.828760000 INFO sending trade batch 20
2016.10.12D15:08:47.834545000 INFO sending trade batch 19
2016.10.12D15:08:47.839801000 INFO sending trade batch 18
2016.10.12D15:08:47.845102000 INFO sending trade batch 17
2016.10.12D15:08:47.854211000 INFO sending trade batch 16
2016.10.12D15:08:47.860717000 INFO sending trade batch 15
2016.10.12D15:08:47.865923000 INFO sending trade batch 14
2016.10.12D15:08:47.871195000 INFO sending trade batch 13
2016.10.12D15:08:47.876468000 INFO sending trade batch 12
2016.10.12D15:08:47.884487000 INFO sending trade batch 11
2016.10.12D15:08:47.888757000 INFO sending trade batch 10
2016.10.12D15:08:47.897176000 INFO sending trade batch 9
2016.10.12D15:08:47.901728000 INFO sending trade batch 8
2016.10.12D15:08:47.908075000 INFO sending trade batch 7
2016.10.12D15:08:47.915991000 INFO sending trade batch 6
2016.10.12D15:08:47.921361000 INFO sending trade batch 5
2016.10.12D15:08:47.928210000 INFO sending trade batch 4
2016.10.12D15:08:47.932898000 INFO sending trade batch 3
2016.10.12D15:08:47.939899000 INFO sending trade batch 2
2016.10.12D15:08:47.945273000 INFO sending trade batch 1
2016.10.12D15:08:47.945279000 INFO sending auctions
2016.10.12D15:08:53.041993000 INFO finished
2016.10.12D15:08:53.042015000 INFO rm /home/dhodgins/kdbrun/pid/fhReplaceme.q.pid
