2016.10.12D16:08:53.072004717 INFO tp port is 12614
2016.10.12D15:08:53.080872000 INFO connecting to tp `::12614
2016.10.12D15:08:53.081220000 INFO reseting tables ,`trade
2016.10.12D15:08:53.081235000 INFO replaying 932847 from TP log :/home/dhodgins/kdbrun/tpLog/tpLog.2016.10.12.kdbraw
2016.10.12D15:08:53.084734000 VERBOSE Replayed 1000 tp log batches
2016.10.12D15:08:53.086606000 VERBOSE Replayed 2000 tp log batches
2016.10.12D15:08:53.088352000 VERBOSE Replayed 3000 tp log batches
2016.10.12D15:08:53.090178000 VERBOSE Replayed 4000 tp log batches
2016.10.12D15:08:53.091943000 VERBOSE Replayed 5000 tp log batches
2016.10.12D15:08:53.093733000 VERBOSE Replayed 6000 tp log batches
2016.10.12D15:08:53.095515000 VERBOSE Replayed 7000 tp log batches
2016.10.12D15:08:53.097249000 VERBOSE Replayed 8000 tp log batches
2016.10.12D15:08:53.099146000 VERBOSE Replayed 9000 tp log batches
2016.10.12D15:08:53.100904000 VERBOSE Replayed 10000 tp log batches
2016.10.12D15:08:53.102687000 VERBOSE Replayed 11000 tp log batches
2016.10.12D15:08:53.104487000 VERBOSE Replayed 12000 tp log batches
2016.10.12D15:08:53.106213000 VERBOSE Replayed 13000 tp log batches
2016.10.12D15:08:53.107942000 VERBOSE Replayed 14000 tp log batches
2016.10.12D15:08:53.109914000 VERBOSE Replayed 15000 tp log batches
2016.10.12D15:08:53.111811000 VERBOSE Replayed 16000 tp log batches
2016.10.12D15:08:53.113824000 VERBOSE Replayed 17000 tp log batches
2016.10.12D15:08:53.115663000 VERBOSE Replayed 18000 tp log batches
2016.10.12D15:08:53.117500000 VERBOSE Replayed 19000 tp log batches
2016.10.12D15:08:53.119333000 VERBOSE Replayed 20000 tp log batches
2016.10.12D15:08:53.121182000 VERBOSE Replayed 21000 tp log batches
2016.10.12D15:08:53.123017000 VERBOSE Replayed 22000 tp log batches
2016.10.12D15:08:53.124858000 VERBOSE Replayed 23000 tp log batches
2016.10.12D15:08:53.126695000 VERBOSE Replayed 24000 tp log batches
2016.10.12D15:08:53.128534000 VERBOSE Replayed 25000 tp log batches
2016.10.12D15:08:53.130387000 VERBOSE Replayed 26000 tp log batches
2016.10.12D15:08:53.132220000 VERBOSE Replayed 27000 tp log batches
2016.10.12D15:08:53.134050000 VERBOSE Replayed 28000 tp log batches
2016.10.12D15:08:53.135885000 VERBOSE Replayed 29000 tp log batches
2016.10.12D15:08:53.137807000 VERBOSE Replayed 30000 tp log batches
2016.10.12D15:08:53.139832000 VERBOSE Replayed 31000 tp log batches
2016.10.12D15:08:53.141859000 VERBOSE Replayed 32000 tp log batches
2016.10.12D15:08:53.144271000 VERBOSE Replayed 33000 tp log batches
2016.10.12D15:08:53.146604000 VERBOSE Replayed 34000 tp log batches
2016.10.12D15:08:53.148628000 VERBOSE Replayed 35000 tp log batches
2016.10.12D15:08:53.150652000 VERBOSE Replayed 36000 tp log batches
2016.10.12D15:08:53.152743000 VERBOSE Replayed 37000 tp log batches
2016.10.12D15:08:53.154777000 VERBOSE Replayed 38000 tp log batches
2016.10.12D15:08:53.156817000 VERBOSE Replayed 39000 tp log batches
2016.10.12D15:08:53.158850000 VERBOSE Replayed 40000 tp log batches
2016.10.12D15:08:53.160881000 VERBOSE Replayed 41000 tp log batches
2016.10.12D15:08:53.163414000 VERBOSE Replayed 42000 tp log batches
2016.10.12D15:08:53.165438000 VERBOSE Replayed 43000 tp log batches
2016.10.12D15:08:53.167460000 VERBOSE Replayed 44000 tp log batches
2016.10.12D15:08:53.169484000 VERBOSE Replayed 45000 tp log batches
2016.10.12D15:08:53.171513000 VERBOSE Replayed 46000 tp log batches
2016.10.12D15:08:53.174083000 VERBOSE Replayed 47000 tp log batches
2016.10.12D15:08:53.176124000 VERBOSE Replayed 48000 tp log batches
2016.10.12D15:08:53.178189000 VERBOSE Replayed 49000 tp log batches
2016.10.12D15:08:53.180136000 VERBOSE Replayed 50000 tp log batches
2016.10.12D15:08:53.182161000 VERBOSE Replayed 51000 tp log batches
2016.10.12D15:08:53.184356000 VERBOSE Replayed 52000 tp log batches
2016.10.12D15:08:53.186329000 VERBOSE Replayed 53000 tp log batches
2016.10.12D15:08:53.188439000 VERBOSE Replayed 54000 tp log batches
2016.10.12D15:08:53.190534000 VERBOSE Replayed 55000 tp log batches
2016.10.12D15:08:53.192941000 VERBOSE Replayed 56000 tp log batches
2016.10.12D15:08:53.194930000 VERBOSE Replayed 57000 tp log batches
2016.10.12D15:08:53.197037000 VERBOSE Replayed 58000 tp log batches
2016.10.12D15:08:53.199012000 VERBOSE Replayed 59000 tp log batches
2016.10.12D15:08:53.200964000 VERBOSE Replayed 60000 tp log batches
2016.10.12D15:08:53.202886000 VERBOSE Replayed 61000 tp log batches
2016.10.12D15:08:53.204757000 VERBOSE Replayed 62000 tp log batches
2016.10.12D15:08:53.206873000 VERBOSE Replayed 63000 tp log batches
2016.10.12D15:08:53.208830000 VERBOSE Replayed 64000 tp log batches
2016.10.12D15:08:53.210675000 VERBOSE Replayed 65000 tp log batches
2016.10.12D15:08:53.213359000 VERBOSE Replayed 66000 tp log batches
2016.10.12D15:08:53.215618000 VERBOSE Replayed 67000 tp log batches
2016.10.12D15:08:53.217769000 VERBOSE Replayed 68000 tp log batches
2016.10.12D15:08:53.219813000 VERBOSE Replayed 69000 tp log batches
2016.10.12D15:08:53.221761000 VERBOSE Replayed 70000 tp log batches
2016.10.12D15:08:53.223857000 VERBOSE Replayed 71000 tp log batches
2016.10.12D15:08:53.226053000 VERBOSE Replayed 72000 tp log batches
2016.10.12D15:08:53.227933000 VERBOSE Replayed 73000 tp log batches
2016.10.12D15:08:53.229776000 VERBOSE Replayed 74000 tp log batches
2016.10.12D15:08:53.231586000 VERBOSE Replayed 75000 tp log batches
2016.10.12D15:08:53.233397000 VERBOSE Replayed 76000 tp log batches
2016.10.12D15:08:53.235362000 VERBOSE Replayed 77000 tp log batches
2016.10.12D15:08:53.237962000 VERBOSE Replayed 78000 tp log batches
2016.10.12D15:08:53.239965000 VERBOSE Replayed 79000 tp log batches
2016.10.12D15:08:53.241899000 VERBOSE Replayed 80000 tp log batches
2016.10.12D15:08:53.244009000 VERBOSE Replayed 81000 tp log batches
2016.10.12D15:08:53.245939000 VERBOSE Replayed 82000 tp log batches
2016.10.12D15:08:53.248043000 VERBOSE Replayed 83000 tp log batches
2016.10.12D15:08:53.250117000 VERBOSE Replayed 84000 tp log batches
2016.10.12D15:08:53.252168000 VERBOSE Replayed 85000 tp log batches
2016.10.12D15:08:53.254267000 VERBOSE Replayed 86000 tp log batches
2016.10.12D15:08:53.256508000 VERBOSE Replayed 87000 tp log batches
2016.10.12D15:08:53.258320000 VERBOSE Replayed 88000 tp log batches
2016.10.12D15:08:53.260907000 VERBOSE Replayed 89000 tp log batches
2016.10.12D15:08:53.262849000 VERBOSE Replayed 90000 tp log batches
2016.10.12D15:08:53.264659000 VERBOSE Replayed 91000 tp log batches
2016.10.12D15:08:53.267100000 VERBOSE Replayed 92000 tp log batches
2016.10.12D15:08:53.269211000 VERBOSE Replayed 93000 tp log batches
2016.10.12D15:08:53.271324000 VERBOSE Replayed 94000 tp log batches
2016.10.12D15:08:53.273426000 VERBOSE Replayed 95000 tp log batches
2016.10.12D15:08:53.275496000 VERBOSE Replayed 96000 tp log batches
2016.10.12D15:08:53.277552000 VERBOSE Replayed 97000 tp log batches
2016.10.12D15:08:53.279572000 VERBOSE Replayed 98000 tp log batches
2016.10.12D15:08:53.281630000 VERBOSE Replayed 99000 tp log batches
2016.10.12D15:08:53.284267000 VERBOSE Replayed 100000 tp log batches
2016.10.12D15:08:53.286169000 VERBOSE Replayed 101000 tp log batches
2016.10.12D15:08:53.288283000 VERBOSE Replayed 102000 tp log batches
2016.10.12D15:08:53.290173000 VERBOSE Replayed 103000 tp log batches
2016.10.12D15:08:53.292273000 VERBOSE Replayed 104000 tp log batches
2016.10.12D15:08:53.294280000 VERBOSE Replayed 105000 tp log batches
2016.10.12D15:08:53.296061000 VERBOSE Replayed 106000 tp log batches
2016.10.12D15:08:53.297875000 VERBOSE Replayed 107000 tp log batches
2016.10.12D15:08:53.299660000 VERBOSE Replayed 108000 tp log batches
2016.10.12D15:08:53.301528000 VERBOSE Replayed 109000 tp log batches
2016.10.12D15:08:53.303358000 VERBOSE Replayed 110000 tp log batches
2016.10.12D15:08:53.305159000 VERBOSE Replayed 111000 tp log batches
2016.10.12D15:08:53.306970000 VERBOSE Replayed 112000 tp log batches
2016.10.12D15:08:53.308769000 VERBOSE Replayed 113000 tp log batches
2016.10.12D15:08:53.310624000 VERBOSE Replayed 114000 tp log batches
2016.10.12D15:08:53.313076000 VERBOSE Replayed 115000 tp log batches
2016.10.12D15:08:53.315562000 VERBOSE Replayed 116000 tp log batches
2016.10.12D15:08:53.317441000 VERBOSE Replayed 117000 tp log batches
2016.10.12D15:08:53.319520000 VERBOSE Replayed 118000 tp log batches
2016.10.12D15:08:53.321367000 VERBOSE Replayed 119000 tp log batches
2016.10.12D15:08:53.323288000 VERBOSE Replayed 120000 tp log batches
2016.10.12D15:08:53.325190000 VERBOSE Replayed 121000 tp log batches
2016.10.12D15:08:53.327333000 VERBOSE Replayed 122000 tp log batches
2016.10.12D15:08:53.329267000 VERBOSE Replayed 123000 tp log batches
2016.10.12D15:08:53.331360000 VERBOSE Replayed 124000 tp log batches
2016.10.12D15:08:53.333290000 VERBOSE Replayed 125000 tp log batches
2016.10.12D15:08:53.335181000 VERBOSE Replayed 126000 tp log batches
2016.10.12D15:08:53.337065000 VERBOSE Replayed 127000 tp log batches
2016.10.12D15:08:53.339135000 VERBOSE Replayed 128000 tp log batches
2016.10.12D15:08:53.341706000 VERBOSE Replayed 129000 tp log batches
2016.10.12D15:08:53.343598000 VERBOSE Replayed 130000 tp log batches
2016.10.12D15:08:53.345550000 VERBOSE Replayed 131000 tp log batches
2016.10.12D15:08:53.349768000 VERBOSE Replayed 132000 tp log batches
2016.10.12D15:08:53.351729000 VERBOSE Replayed 133000 tp log batches
2016.10.12D15:08:53.354219000 VERBOSE Replayed 134000 tp log batches
2016.10.12D15:08:53.356374000 VERBOSE Replayed 135000 tp log batches
2016.10.12D15:08:53.358293000 VERBOSE Replayed 136000 tp log batches
2016.10.12D15:08:53.360193000 VERBOSE Replayed 137000 tp log batches
2016.10.12D15:08:53.362196000 VERBOSE Replayed 138000 tp log batches
2016.10.12D15:08:53.364154000 VERBOSE Replayed 139000 tp log batches
2016.10.12D15:08:53.366224000 VERBOSE Replayed 140000 tp log batches
2016.10.12D15:08:53.368306000 VERBOSE Replayed 141000 tp log batches
2016.10.12D15:08:53.370325000 VERBOSE Replayed 142000 tp log batches
2016.10.12D15:08:53.372262000 VERBOSE Replayed 143000 tp log batches
2016.10.12D15:08:53.374227000 VERBOSE Replayed 144000 tp log batches
2016.10.12D15:08:53.376463000 VERBOSE Replayed 145000 tp log batches
2016.10.12D15:08:53.378578000 VERBOSE Replayed 146000 tp log batches
2016.10.12D15:08:53.380461000 VERBOSE Replayed 147000 tp log batches
2016.10.12D15:08:53.382492000 VERBOSE Replayed 148000 tp log batches
2016.10.12D15:08:53.384378000 VERBOSE Replayed 149000 tp log batches
2016.10.12D15:08:53.386486000 VERBOSE Replayed 150000 tp log batches
2016.10.12D15:08:53.388524000 VERBOSE Replayed 151000 tp log batches
2016.10.12D15:08:53.390594000 VERBOSE Replayed 152000 tp log batches
2016.10.12D15:08:53.392597000 VERBOSE Replayed 153000 tp log batches
2016.10.12D15:08:53.395050000 VERBOSE Replayed 154000 tp log batches
2016.10.12D15:08:53.397111000 VERBOSE Replayed 155000 tp log batches
2016.10.12D15:08:53.399342000 VERBOSE Replayed 156000 tp log batches
2016.10.12D15:08:53.401430000 VERBOSE Replayed 157000 tp log batches
2016.10.12D15:08:53.403254000 VERBOSE Replayed 158000 tp log batches
2016.10.12D15:08:53.405031000 VERBOSE Replayed 159000 tp log batches
2016.10.12D15:08:53.406925000 VERBOSE Replayed 160000 tp log batches
2016.10.12D15:08:53.409103000 VERBOSE Replayed 161000 tp log batches
2016.10.12D15:08:53.410946000 VERBOSE Replayed 162000 tp log batches
2016.10.12D15:08:53.412735000 VERBOSE Replayed 163000 tp log batches
2016.10.12D15:08:53.414469000 VERBOSE Replayed 164000 tp log batches
2016.10.12D15:08:53.416235000 VERBOSE Replayed 165000 tp log batches
2016.10.12D15:08:53.418308000 VERBOSE Replayed 166000 tp log batches
2016.10.12D15:08:53.420669000 VERBOSE Replayed 167000 tp log batches
2016.10.12D15:08:53.422467000 VERBOSE Replayed 168000 tp log batches
2016.10.12D15:08:53.424604000 VERBOSE Replayed 169000 tp log batches
2016.10.12D15:08:53.426875000 VERBOSE Replayed 170000 tp log batches
2016.10.12D15:08:53.429333000 VERBOSE Replayed 171000 tp log batches
2016.10.12D15:08:53.431526000 VERBOSE Replayed 172000 tp log batches
2016.10.12D15:08:53.433453000 VERBOSE Replayed 173000 tp log batches
2016.10.12D15:08:53.435401000 VERBOSE Replayed 174000 tp log batches
2016.10.12D15:08:53.437326000 VERBOSE Replayed 175000 tp log batches
2016.10.12D15:08:53.439124000 VERBOSE Replayed 176000 tp log batches
2016.10.12D15:08:53.440920000 VERBOSE Replayed 177000 tp log batches
2016.10.12D15:08:53.442695000 VERBOSE Replayed 178000 tp log batches
2016.10.12D15:08:53.444426000 VERBOSE Replayed 179000 tp log batches
2016.10.12D15:08:53.446328000 VERBOSE Replayed 180000 tp log batches
2016.10.12D15:08:53.448504000 VERBOSE Replayed 181000 tp log batches
2016.10.12D15:08:53.450282000 VERBOSE Replayed 182000 tp log batches
2016.10.12D15:08:53.452058000 VERBOSE Replayed 183000 tp log batches
2016.10.12D15:08:53.453794000 VERBOSE Replayed 184000 tp log batches
2016.10.12D15:08:53.455937000 VERBOSE Replayed 185000 tp log batches
2016.10.12D15:08:53.457993000 VERBOSE Replayed 186000 tp log batches
2016.10.12D15:08:53.459792000 VERBOSE Replayed 187000 tp log batches
2016.10.12D15:08:53.461583000 VERBOSE Replayed 188000 tp log batches
2016.10.12D15:08:53.463313000 VERBOSE Replayed 189000 tp log batches
2016.10.12D15:08:53.465075000 VERBOSE Replayed 190000 tp log batches
2016.10.12D15:08:53.466803000 VERBOSE Replayed 191000 tp log batches
2016.10.12D15:08:53.468564000 VERBOSE Replayed 192000 tp log batches
2016.10.12D15:08:53.470318000 VERBOSE Replayed 193000 tp log batches
2016.10.12D15:08:53.472051000 VERBOSE Replayed 194000 tp log batches
2016.10.12D15:08:53.473876000 VERBOSE Replayed 195000 tp log batches
2016.10.12D15:08:53.475657000 VERBOSE Replayed 196000 tp log batches
2016.10.12D15:08:53.477419000 VERBOSE Replayed 197000 tp log batches
2016.10.12D15:08:53.479153000 VERBOSE Replayed 198000 tp log batches
2016.10.12D15:08:53.480939000 VERBOSE Replayed 199000 tp log batches
2016.10.12D15:08:53.482967000 VERBOSE Replayed 200000 tp log batches
2016.10.12D15:08:53.484700000 VERBOSE Replayed 201000 tp log batches
2016.10.12D15:08:53.486435000 VERBOSE Replayed 202000 tp log batches
2016.10.12D15:08:53.488163000 VERBOSE Replayed 203000 tp log batches
2016.10.12D15:08:53.489893000 VERBOSE Replayed 204000 tp log batches
2016.10.12D15:08:53.491623000 VERBOSE Replayed 205000 tp log batches
2016.10.12D15:08:53.493388000 VERBOSE Replayed 206000 tp log batches
2016.10.12D15:08:53.495111000 VERBOSE Replayed 207000 tp log batches
2016.10.12D15:08:53.496842000 VERBOSE Replayed 208000 tp log batches
2016.10.12D15:08:53.498569000 VERBOSE Replayed 209000 tp log batches
2016.10.12D15:08:53.500302000 VERBOSE Replayed 210000 tp log batches
2016.10.12D15:08:53.502091000 VERBOSE Replayed 211000 tp log batches
2016.10.12D15:08:53.503848000 VERBOSE Replayed 212000 tp log batches
2016.10.12D15:08:53.505741000 VERBOSE Replayed 213000 tp log batches
2016.10.12D15:08:53.507522000 VERBOSE Replayed 214000 tp log batches
2016.10.12D15:08:53.509276000 VERBOSE Replayed 215000 tp log batches
2016.10.12D15:08:53.511001000 VERBOSE Replayed 216000 tp log batches
2016.10.12D15:08:53.512725000 VERBOSE Replayed 217000 tp log batches
2016.10.12D15:08:53.514454000 VERBOSE Replayed 218000 tp log batches
2016.10.12D15:08:53.516181000 VERBOSE Replayed 219000 tp log batches
2016.10.12D15:08:53.517909000 VERBOSE Replayed 220000 tp log batches
2016.10.12D15:08:53.519635000 VERBOSE Replayed 221000 tp log batches
2016.10.12D15:08:53.521366000 VERBOSE Replayed 222000 tp log batches
2016.10.12D15:08:53.523091000 VERBOSE Replayed 223000 tp log batches
2016.10.12D15:08:53.524847000 VERBOSE Replayed 224000 tp log batches
2016.10.12D15:08:53.526573000 VERBOSE Replayed 225000 tp log batches
2016.10.12D15:08:53.528301000 VERBOSE Replayed 226000 tp log batches
2016.10.12D15:08:53.530024000 VERBOSE Replayed 227000 tp log batches
2016.10.12D15:08:53.531753000 VERBOSE Replayed 228000 tp log batches
2016.10.12D15:08:53.533477000 VERBOSE Replayed 229000 tp log batches
2016.10.12D15:08:53.535207000 VERBOSE Replayed 230000 tp log batches
2016.10.12D15:08:53.536932000 VERBOSE Replayed 231000 tp log batches
2016.10.12D15:08:53.538661000 VERBOSE Replayed 232000 tp log batches
2016.10.12D15:08:53.540389000 VERBOSE Replayed 233000 tp log batches
2016.10.12D15:08:53.542384000 VERBOSE Replayed 234000 tp log batches
2016.10.12D15:08:53.544109000 VERBOSE Replayed 235000 tp log batches
2016.10.12D15:08:53.545842000 VERBOSE Replayed 236000 tp log batches
2016.10.12D15:08:53.547564000 VERBOSE Replayed 237000 tp log batches
2016.10.12D15:08:53.549294000 VERBOSE Replayed 238000 tp log batches
2016.10.12D15:08:53.551018000 VERBOSE Replayed 239000 tp log batches
2016.10.12D15:08:53.552747000 VERBOSE Replayed 240000 tp log batches
2016.10.12D15:08:53.554501000 VERBOSE Replayed 241000 tp log batches
2016.10.12D15:08:53.556234000 VERBOSE Replayed 242000 tp log batches
2016.10.12D15:08:53.557958000 VERBOSE Replayed 243000 tp log batches
2016.10.12D15:08:53.559685000 VERBOSE Replayed 244000 tp log batches
2016.10.12D15:08:53.561414000 VERBOSE Replayed 245000 tp log batches
2016.10.12D15:08:53.563142000 VERBOSE Replayed 246000 tp log batches
2016.10.12D15:08:53.564869000 VERBOSE Replayed 247000 tp log batches
2016.10.12D15:08:53.566676000 VERBOSE Replayed 248000 tp log batches
2016.10.12D15:08:53.568432000 VERBOSE Replayed 249000 tp log batches
2016.10.12D15:08:53.570189000 VERBOSE Replayed 250000 tp log batches
2016.10.12D15:08:53.571913000 VERBOSE Replayed 251000 tp log batches
2016.10.12D15:08:53.573641000 VERBOSE Replayed 252000 tp log batches
2016.10.12D15:08:53.575370000 VERBOSE Replayed 253000 tp log batches
2016.10.12D15:08:53.577130000 VERBOSE Replayed 254000 tp log batches
2016.10.12D15:08:53.578859000 VERBOSE Replayed 255000 tp log batches
2016.10.12D15:08:53.580585000 VERBOSE Replayed 256000 tp log batches
2016.10.12D15:08:53.582306000 VERBOSE Replayed 257000 tp log batches
2016.10.12D15:08:53.584031000 VERBOSE Replayed 258000 tp log batches
2016.10.12D15:08:53.585756000 VERBOSE Replayed 259000 tp log batches
2016.10.12D15:08:53.587484000 VERBOSE Replayed 260000 tp log batches
2016.10.12D15:08:53.589209000 VERBOSE Replayed 261000 tp log batches
2016.10.12D15:08:53.590936000 VERBOSE Replayed 262000 tp log batches
2016.10.12D15:08:53.595289000 VERBOSE Replayed 263000 tp log batches
2016.10.12D15:08:53.597019000 VERBOSE Replayed 264000 tp log batches
2016.10.12D15:08:53.598748000 VERBOSE Replayed 265000 tp log batches
2016.10.12D15:08:53.600473000 VERBOSE Replayed 266000 tp log batches
2016.10.12D15:08:53.602491000 VERBOSE Replayed 267000 tp log batches
2016.10.12D15:08:53.604244000 VERBOSE Replayed 268000 tp log batches
2016.10.12D15:08:53.605967000 VERBOSE Replayed 269000 tp log batches
2016.10.12D15:08:53.607692000 VERBOSE Replayed 270000 tp log batches
2016.10.12D15:08:53.609417000 VERBOSE Replayed 271000 tp log batches
2016.10.12D15:08:53.611141000 VERBOSE Replayed 272000 tp log batches
2016.10.12D15:08:53.612896000 VERBOSE Replayed 273000 tp log batches
2016.10.12D15:08:53.614624000 VERBOSE Replayed 274000 tp log batches
2016.10.12D15:08:53.616400000 VERBOSE Replayed 275000 tp log batches
2016.10.12D15:08:53.618134000 VERBOSE Replayed 276000 tp log batches
2016.10.12D15:08:53.619872000 VERBOSE Replayed 277000 tp log batches
2016.10.12D15:08:53.621604000 VERBOSE Replayed 278000 tp log batches
2016.10.12D15:08:53.623391000 VERBOSE Replayed 279000 tp log batches
2016.10.12D15:08:53.625157000 VERBOSE Replayed 280000 tp log batches
2016.10.12D15:08:53.626924000 VERBOSE Replayed 281000 tp log batches
2016.10.12D15:08:53.628665000 VERBOSE Replayed 282000 tp log batches
2016.10.12D15:08:53.630459000 VERBOSE Replayed 283000 tp log batches
2016.10.12D15:08:53.632198000 VERBOSE Replayed 284000 tp log batches
2016.10.12D15:08:53.633929000 VERBOSE Replayed 285000 tp log batches
2016.10.12D15:08:53.635668000 VERBOSE Replayed 286000 tp log batches
2016.10.12D15:08:53.637406000 VERBOSE Replayed 287000 tp log batches
2016.10.12D15:08:53.639136000 VERBOSE Replayed 288000 tp log batches
2016.10.12D15:08:53.640866000 VERBOSE Replayed 289000 tp log batches
2016.10.12D15:08:53.642602000 VERBOSE Replayed 290000 tp log batches
2016.10.12D15:08:53.644342000 VERBOSE Replayed 291000 tp log batches
2016.10.12D15:08:53.646074000 VERBOSE Replayed 292000 tp log batches
2016.10.12D15:08:53.647809000 VERBOSE Replayed 293000 tp log batches
2016.10.12D15:08:53.649547000 VERBOSE Replayed 294000 tp log batches
2016.10.12D15:08:53.651286000 VERBOSE Replayed 295000 tp log batches
2016.10.12D15:08:53.653019000 VERBOSE Replayed 296000 tp log batches
2016.10.12D15:08:53.654799000 VERBOSE Replayed 297000 tp log batches
2016.10.12D15:08:53.656534000 VERBOSE Replayed 298000 tp log batches
2016.10.12D15:08:53.658252000 VERBOSE Replayed 299000 tp log batches
2016.10.12D15:08:53.660218000 VERBOSE Replayed 300000 tp log batches
2016.10.12D15:08:53.661947000 VERBOSE Replayed 301000 tp log batches
2016.10.12D15:08:53.663678000 VERBOSE Replayed 302000 tp log batches
2016.10.12D15:08:53.665412000 VERBOSE Replayed 303000 tp log batches
2016.10.12D15:08:53.667136000 VERBOSE Replayed 304000 tp log batches
2016.10.12D15:08:53.668863000 VERBOSE Replayed 305000 tp log batches
2016.10.12D15:08:53.670590000 VERBOSE Replayed 306000 tp log batches
2016.10.12D15:08:53.672350000 VERBOSE Replayed 307000 tp log batches
2016.10.12D15:08:53.674102000 VERBOSE Replayed 308000 tp log batches
2016.10.12D15:08:53.675832000 VERBOSE Replayed 309000 tp log batches
2016.10.12D15:08:53.677566000 VERBOSE Replayed 310000 tp log batches
2016.10.12D15:08:53.679326000 VERBOSE Replayed 311000 tp log batches
2016.10.12D15:08:53.681055000 VERBOSE Replayed 312000 tp log batches
2016.10.12D15:08:53.682787000 VERBOSE Replayed 313000 tp log batches
2016.10.12D15:08:53.684519000 VERBOSE Replayed 314000 tp log batches
2016.10.12D15:08:53.686243000 VERBOSE Replayed 315000 tp log batches
2016.10.12D15:08:53.687970000 VERBOSE Replayed 316000 tp log batches
2016.10.12D15:08:53.689700000 VERBOSE Replayed 317000 tp log batches
2016.10.12D15:08:53.691431000 VERBOSE Replayed 318000 tp log batches
2016.10.12D15:08:53.693158000 VERBOSE Replayed 319000 tp log batches
2016.10.12D15:08:53.694887000 VERBOSE Replayed 320000 tp log batches
2016.10.12D15:08:53.696618000 VERBOSE Replayed 321000 tp log batches
2016.10.12D15:08:53.698348000 VERBOSE Replayed 322000 tp log batches
2016.10.12D15:08:53.700080000 VERBOSE Replayed 323000 tp log batches
2016.10.12D15:08:53.701813000 VERBOSE Replayed 324000 tp log batches
2016.10.12D15:08:53.703543000 VERBOSE Replayed 325000 tp log batches
2016.10.12D15:08:53.705304000 VERBOSE Replayed 326000 tp log batches
2016.10.12D15:08:53.707034000 VERBOSE Replayed 327000 tp log batches
2016.10.12D15:08:53.708766000 VERBOSE Replayed 328000 tp log batches
2016.10.12D15:08:53.710495000 VERBOSE Replayed 329000 tp log batches
2016.10.12D15:08:53.712224000 VERBOSE Replayed 330000 tp log batches
2016.10.12D15:08:53.713954000 VERBOSE Replayed 331000 tp log batches
2016.10.12D15:08:53.715716000 VERBOSE Replayed 332000 tp log batches
2016.10.12D15:08:53.717695000 VERBOSE Replayed 333000 tp log batches
2016.10.12D15:08:53.719427000 VERBOSE Replayed 334000 tp log batches
2016.10.12D15:08:53.721183000 VERBOSE Replayed 335000 tp log batches
2016.10.12D15:08:53.722911000 VERBOSE Replayed 336000 tp log batches
2016.10.12D15:08:53.724662000 VERBOSE Replayed 337000 tp log batches
2016.10.12D15:08:53.726388000 VERBOSE Replayed 338000 tp log batches
2016.10.12D15:08:53.728109000 VERBOSE Replayed 339000 tp log batches
2016.10.12D15:08:53.729839000 VERBOSE Replayed 340000 tp log batches
2016.10.12D15:08:53.731571000 VERBOSE Replayed 341000 tp log batches
2016.10.12D15:08:53.733299000 VERBOSE Replayed 342000 tp log batches
2016.10.12D15:08:53.735025000 VERBOSE Replayed 343000 tp log batches
2016.10.12D15:08:53.736756000 VERBOSE Replayed 344000 tp log batches
2016.10.12D15:08:53.738486000 VERBOSE Replayed 345000 tp log batches
2016.10.12D15:08:53.740215000 VERBOSE Replayed 346000 tp log batches
2016.10.12D15:08:53.741940000 VERBOSE Replayed 347000 tp log batches
2016.10.12D15:08:53.743675000 VERBOSE Replayed 348000 tp log batches
2016.10.12D15:08:53.745404000 VERBOSE Replayed 349000 tp log batches
2016.10.12D15:08:53.747133000 VERBOSE Replayed 350000 tp log batches
2016.10.12D15:08:53.748896000 VERBOSE Replayed 351000 tp log batches
2016.10.12D15:08:53.750630000 VERBOSE Replayed 352000 tp log batches
2016.10.12D15:08:53.752358000 VERBOSE Replayed 353000 tp log batches
2016.10.12D15:08:53.754087000 VERBOSE Replayed 354000 tp log batches
2016.10.12D15:08:53.755854000 VERBOSE Replayed 355000 tp log batches
2016.10.12D15:08:53.757588000 VERBOSE Replayed 356000 tp log batches
2016.10.12D15:08:53.759316000 VERBOSE Replayed 357000 tp log batches
2016.10.12D15:08:53.761041000 VERBOSE Replayed 358000 tp log batches
2016.10.12D15:08:53.762772000 VERBOSE Replayed 359000 tp log batches
2016.10.12D15:08:53.764506000 VERBOSE Replayed 360000 tp log batches
2016.10.12D15:08:53.766232000 VERBOSE Replayed 361000 tp log batches
2016.10.12D15:08:53.767961000 VERBOSE Replayed 362000 tp log batches
2016.10.12D15:08:53.769687000 VERBOSE Replayed 363000 tp log batches
2016.10.12D15:08:53.771421000 VERBOSE Replayed 364000 tp log batches
2016.10.12D15:08:53.773149000 VERBOSE Replayed 365000 tp log batches
2016.10.12D15:08:53.774909000 VERBOSE Replayed 366000 tp log batches
2016.10.12D15:08:53.776881000 VERBOSE Replayed 367000 tp log batches
2016.10.12D15:08:53.778612000 VERBOSE Replayed 368000 tp log batches
2016.10.12D15:08:53.780339000 VERBOSE Replayed 369000 tp log batches
2016.10.12D15:08:53.782069000 VERBOSE Replayed 370000 tp log batches
2016.10.12D15:08:53.783969000 VERBOSE Replayed 371000 tp log batches
2016.10.12D15:08:53.785737000 VERBOSE Replayed 372000 tp log batches
2016.10.12D15:08:53.787468000 VERBOSE Replayed 373000 tp log batches
2016.10.12D15:08:53.789196000 VERBOSE Replayed 374000 tp log batches
2016.10.12D15:08:53.790925000 VERBOSE Replayed 375000 tp log batches
2016.10.12D15:08:53.792655000 VERBOSE Replayed 376000 tp log batches
2016.10.12D15:08:53.794384000 VERBOSE Replayed 377000 tp log batches
2016.10.12D15:08:53.796110000 VERBOSE Replayed 378000 tp log batches
2016.10.12D15:08:53.797839000 VERBOSE Replayed 379000 tp log batches
2016.10.12D15:08:53.799565000 VERBOSE Replayed 380000 tp log batches
2016.10.12D15:08:53.801296000 VERBOSE Replayed 381000 tp log batches
2016.10.12D15:08:53.803026000 VERBOSE Replayed 382000 tp log batches
2016.10.12D15:08:53.804781000 VERBOSE Replayed 383000 tp log batches
2016.10.12D15:08:53.806514000 VERBOSE Replayed 384000 tp log batches
2016.10.12D15:08:53.808240000 VERBOSE Replayed 385000 tp log batches
2016.10.12D15:08:53.809970000 VERBOSE Replayed 386000 tp log batches
2016.10.12D15:08:53.811696000 VERBOSE Replayed 387000 tp log batches
2016.10.12D15:08:53.813456000 VERBOSE Replayed 388000 tp log batches
2016.10.12D15:08:53.815180000 VERBOSE Replayed 389000 tp log batches
2016.10.12D15:08:53.816910000 VERBOSE Replayed 390000 tp log batches
2016.10.12D15:08:53.818641000 VERBOSE Replayed 391000 tp log batches
2016.10.12D15:08:53.820373000 VERBOSE Replayed 392000 tp log batches
2016.10.12D15:08:53.822096000 VERBOSE Replayed 393000 tp log batches
2016.10.12D15:08:53.823856000 VERBOSE Replayed 394000 tp log batches
2016.10.12D15:08:53.825590000 VERBOSE Replayed 395000 tp log batches
2016.10.12D15:08:53.827322000 VERBOSE Replayed 396000 tp log batches
2016.10.12D15:08:53.829050000 VERBOSE Replayed 397000 tp log batches
2016.10.12D15:08:53.830781000 VERBOSE Replayed 398000 tp log batches
2016.10.12D15:08:53.832507000 VERBOSE Replayed 399000 tp log batches
2016.10.12D15:08:53.834485000 VERBOSE Replayed 400000 tp log batches
2016.10.12D15:08:53.836217000 VERBOSE Replayed 401000 tp log batches
2016.10.12D15:08:53.837942000 VERBOSE Replayed 402000 tp log batches
2016.10.12D15:08:53.839671000 VERBOSE Replayed 403000 tp log batches
2016.10.12D15:08:53.841404000 VERBOSE Replayed 404000 tp log batches
2016.10.12D15:08:53.843132000 VERBOSE Replayed 405000 tp log batches
2016.10.12D15:08:53.844856000 VERBOSE Replayed 406000 tp log batches
2016.10.12D15:08:53.846580000 VERBOSE Replayed 407000 tp log batches
2016.10.12D15:08:53.848340000 VERBOSE Replayed 408000 tp log batches
2016.10.12D15:08:53.850060000 VERBOSE Replayed 409000 tp log batches
2016.10.12D15:08:53.851789000 VERBOSE Replayed 410000 tp log batches
2016.10.12D15:08:53.853520000 VERBOSE Replayed 411000 tp log batches
2016.10.12D15:08:53.855279000 VERBOSE Replayed 412000 tp log batches
2016.10.12D15:08:53.857009000 VERBOSE Replayed 413000 tp log batches
2016.10.12D15:08:53.858745000 VERBOSE Replayed 414000 tp log batches
2016.10.12D15:08:53.860476000 VERBOSE Replayed 415000 tp log batches
2016.10.12D15:08:53.862207000 VERBOSE Replayed 416000 tp log batches
2016.10.12D15:08:53.863933000 VERBOSE Replayed 417000 tp log batches
2016.10.12D15:08:53.865663000 VERBOSE Replayed 418000 tp log batches
2016.10.12D15:08:53.867392000 VERBOSE Replayed 419000 tp log batches
2016.10.12D15:08:53.869122000 VERBOSE Replayed 420000 tp log batches
2016.10.12D15:08:53.870852000 VERBOSE Replayed 421000 tp log batches
2016.10.12D15:08:53.872583000 VERBOSE Replayed 422000 tp log batches
2016.10.12D15:08:53.874345000 VERBOSE Replayed 423000 tp log batches
2016.10.12D15:08:53.876102000 VERBOSE Replayed 424000 tp log batches
2016.10.12D15:08:53.878258000 VERBOSE Replayed 425000 tp log batches
2016.10.12D15:08:53.880222000 VERBOSE Replayed 426000 tp log batches
2016.10.12D15:08:53.881945000 VERBOSE Replayed 427000 tp log batches
2016.10.12D15:08:53.883703000 VERBOSE Replayed 428000 tp log batches
2016.10.12D15:08:53.885465000 VERBOSE Replayed 429000 tp log batches
2016.10.12D15:08:53.887199000 VERBOSE Replayed 430000 tp log batches
2016.10.12D15:08:53.888982000 VERBOSE Replayed 431000 tp log batches
2016.10.12D15:08:53.890715000 VERBOSE Replayed 432000 tp log batches
2016.10.12D15:08:53.892766000 VERBOSE Replayed 433000 tp log batches
2016.10.12D15:08:53.894542000 VERBOSE Replayed 434000 tp log batches
2016.10.12D15:08:53.896276000 VERBOSE Replayed 435000 tp log batches
2016.10.12D15:08:53.898006000 VERBOSE Replayed 436000 tp log batches
2016.10.12D15:08:53.899731000 VERBOSE Replayed 437000 tp log batches
2016.10.12D15:08:53.901459000 VERBOSE Replayed 438000 tp log batches
2016.10.12D15:08:53.903186000 VERBOSE Replayed 439000 tp log batches
2016.10.12D15:08:53.904943000 VERBOSE Replayed 440000 tp log batches
2016.10.12D15:08:53.906672000 VERBOSE Replayed 441000 tp log batches
2016.10.12D15:08:53.908400000 VERBOSE Replayed 442000 tp log batches
2016.10.12D15:08:53.910131000 VERBOSE Replayed 443000 tp log batches
2016.10.12D15:08:53.911864000 VERBOSE Replayed 444000 tp log batches
2016.10.12D15:08:53.913590000 VERBOSE Replayed 445000 tp log batches
2016.10.12D15:08:53.915323000 VERBOSE Replayed 446000 tp log batches
2016.10.12D15:08:53.917053000 VERBOSE Replayed 447000 tp log batches
2016.10.12D15:08:53.918784000 VERBOSE Replayed 448000 tp log batches
2016.10.12D15:08:53.920514000 VERBOSE Replayed 449000 tp log batches
2016.10.12D15:08:53.922255000 VERBOSE Replayed 450000 tp log batches
2016.10.12D15:08:53.924024000 VERBOSE Replayed 451000 tp log batches
2016.10.12D15:08:53.925762000 VERBOSE Replayed 452000 tp log batches
2016.10.12D15:08:53.927498000 VERBOSE Replayed 453000 tp log batches
2016.10.12D15:08:53.929240000 VERBOSE Replayed 454000 tp log batches
2016.10.12D15:08:53.930977000 VERBOSE Replayed 455000 tp log batches
2016.10.12D15:08:53.932716000 VERBOSE Replayed 456000 tp log batches
2016.10.12D15:08:53.934452000 VERBOSE Replayed 457000 tp log batches
2016.10.12D15:08:53.936190000 VERBOSE Replayed 458000 tp log batches
2016.10.12D15:08:53.937926000 VERBOSE Replayed 459000 tp log batches
2016.10.12D15:08:53.939665000 VERBOSE Replayed 460000 tp log batches
2016.10.12D15:08:53.941403000 VERBOSE Replayed 461000 tp log batches
2016.10.12D15:08:53.943142000 VERBOSE Replayed 462000 tp log batches
2016.10.12D15:08:53.944882000 VERBOSE Replayed 463000 tp log batches
2016.10.12D15:08:53.946620000 VERBOSE Replayed 464000 tp log batches
2016.10.12D15:08:53.948357000 VERBOSE Replayed 465000 tp log batches
2016.10.12D15:08:53.950096000 VERBOSE Replayed 466000 tp log batches
2016.10.12D15:08:53.952057000 VERBOSE Replayed 467000 tp log batches
2016.10.12D15:08:53.953795000 VERBOSE Replayed 468000 tp log batches
2016.10.12D15:08:53.955557000 VERBOSE Replayed 469000 tp log batches
2016.10.12D15:08:53.957296000 VERBOSE Replayed 470000 tp log batches
2016.10.12D15:08:53.959037000 VERBOSE Replayed 471000 tp log batches
2016.10.12D15:08:53.960806000 VERBOSE Replayed 472000 tp log batches
2016.10.12D15:08:53.962578000 VERBOSE Replayed 473000 tp log batches
2016.10.12D15:08:53.964314000 VERBOSE Replayed 474000 tp log batches
2016.10.12D15:08:53.966046000 VERBOSE Replayed 475000 tp log batches
2016.10.12D15:08:53.967780000 VERBOSE Replayed 476000 tp log batches
2016.10.12D15:08:53.969508000 VERBOSE Replayed 477000 tp log batches
2016.10.12D15:08:53.971240000 VERBOSE Replayed 478000 tp log batches
2016.10.12D15:08:53.972969000 VERBOSE Replayed 479000 tp log batches
2016.10.12D15:08:53.974730000 VERBOSE Replayed 480000 tp log batches
2016.10.12D15:08:53.976464000 VERBOSE Replayed 481000 tp log batches
2016.10.12D15:08:53.978196000 VERBOSE Replayed 482000 tp log batches
2016.10.12D15:08:53.979924000 VERBOSE Replayed 483000 tp log batches
2016.10.12D15:08:53.981651000 VERBOSE Replayed 484000 tp log batches
2016.10.12D15:08:53.983377000 VERBOSE Replayed 485000 tp log batches
2016.10.12D15:08:53.985100000 VERBOSE Replayed 486000 tp log batches
2016.10.12D15:08:53.986853000 VERBOSE Replayed 487000 tp log batches
2016.10.12D15:08:53.988580000 VERBOSE Replayed 488000 tp log batches
2016.10.12D15:08:53.990306000 VERBOSE Replayed 489000 tp log batches
2016.10.12D15:08:53.992033000 VERBOSE Replayed 490000 tp log batches
2016.10.12D15:08:53.993761000 VERBOSE Replayed 491000 tp log batches
2016.10.12D15:08:53.995487000 VERBOSE Replayed 492000 tp log batches
2016.10.12D15:08:53.997213000 VERBOSE Replayed 493000 tp log batches
2016.10.12D15:08:53.998934000 VERBOSE Replayed 494000 tp log batches
2016.10.12D15:08:54.000663000 VERBOSE Replayed 495000 tp log batches
2016.10.12D15:08:54.002390000 VERBOSE Replayed 496000 tp log batches
2016.10.12D15:08:54.004111000 VERBOSE Replayed 497000 tp log batches
2016.10.12D15:08:54.005864000 VERBOSE Replayed 498000 tp log batches
2016.10.12D15:08:54.007622000 VERBOSE Replayed 499000 tp log batches
2016.10.12D15:08:54.009572000 VERBOSE Replayed 500000 tp log batches
2016.10.12D15:08:54.011298000 VERBOSE Replayed 501000 tp log batches
2016.10.12D15:08:54.013025000 VERBOSE Replayed 502000 tp log batches
2016.10.12D15:08:54.014755000 VERBOSE Replayed 503000 tp log batches
2016.10.12D15:08:54.016486000 VERBOSE Replayed 504000 tp log batches
2016.10.12D15:08:54.018383000 VERBOSE Replayed 505000 tp log batches
2016.10.12D15:08:54.020319000 VERBOSE Replayed 506000 tp log batches
2016.10.12D15:08:54.022245000 VERBOSE Replayed 507000 tp log batches
2016.10.12D15:08:54.024182000 VERBOSE Replayed 508000 tp log batches
2016.10.12D15:08:54.025908000 VERBOSE Replayed 509000 tp log batches
2016.10.12D15:08:54.027692000 VERBOSE Replayed 510000 tp log batches
2016.10.12D15:08:54.029447000 VERBOSE Replayed 511000 tp log batches
2016.10.12D15:08:54.031175000 VERBOSE Replayed 512000 tp log batches
2016.10.12D15:08:54.032962000 VERBOSE Replayed 513000 tp log batches
2016.10.12D15:08:54.034689000 VERBOSE Replayed 514000 tp log batches
2016.10.12D15:08:54.036450000 VERBOSE Replayed 515000 tp log batches
2016.10.12D15:08:54.038178000 VERBOSE Replayed 516000 tp log batches
2016.10.12D15:08:54.039957000 VERBOSE Replayed 517000 tp log batches
2016.10.12D15:08:54.041748000 VERBOSE Replayed 518000 tp log batches
2016.10.12D15:08:54.043473000 VERBOSE Replayed 519000 tp log batches
2016.10.12D15:08:54.045229000 VERBOSE Replayed 520000 tp log batches
2016.10.12D15:08:54.046959000 VERBOSE Replayed 521000 tp log batches
2016.10.12D15:08:54.048716000 VERBOSE Replayed 522000 tp log batches
2016.10.12D15:08:54.050468000 VERBOSE Replayed 523000 tp log batches
2016.10.12D15:08:54.052198000 VERBOSE Replayed 524000 tp log batches
2016.10.12D15:08:54.059265000 VERBOSE Replayed 525000 tp log batches
2016.10.12D15:08:54.060984000 VERBOSE Replayed 526000 tp log batches
2016.10.12D15:08:54.062696000 VERBOSE Replayed 527000 tp log batches
2016.10.12D15:08:54.064407000 VERBOSE Replayed 528000 tp log batches
2016.10.12D15:08:54.066117000 VERBOSE Replayed 529000 tp log batches
2016.10.12D15:08:54.067833000 VERBOSE Replayed 530000 tp log batches
2016.10.12D15:08:54.069548000 VERBOSE Replayed 531000 tp log batches
2016.10.12D15:08:54.071263000 VERBOSE Replayed 532000 tp log batches
2016.10.12D15:08:54.073881000 VERBOSE Replayed 533000 tp log batches
2016.10.12D15:08:54.075637000 VERBOSE Replayed 534000 tp log batches
2016.10.12D15:08:54.077381000 VERBOSE Replayed 535000 tp log batches
2016.10.12D15:08:54.079093000 VERBOSE Replayed 536000 tp log batches
2016.10.12D15:08:54.080880000 VERBOSE Replayed 537000 tp log batches
2016.10.12D15:08:54.082594000 VERBOSE Replayed 538000 tp log batches
2016.10.12D15:08:54.084329000 VERBOSE Replayed 539000 tp log batches
2016.10.12D15:08:54.086297000 VERBOSE Replayed 540000 tp log batches
2016.10.12D15:08:54.088310000 VERBOSE Replayed 541000 tp log batches
2016.10.12D15:08:54.090055000 VERBOSE Replayed 542000 tp log batches
2016.10.12D15:08:54.091770000 VERBOSE Replayed 543000 tp log batches
2016.10.12D15:08:54.093541000 VERBOSE Replayed 544000 tp log batches
2016.10.12D15:08:54.095295000 VERBOSE Replayed 545000 tp log batches
2016.10.12D15:08:54.097014000 VERBOSE Replayed 546000 tp log batches
2016.10.12D15:08:54.098754000 VERBOSE Replayed 547000 tp log batches
2016.10.12D15:08:54.100464000 VERBOSE Replayed 548000 tp log batches
2016.10.12D15:08:54.102227000 VERBOSE Replayed 549000 tp log batches
2016.10.12D15:08:54.103942000 VERBOSE Replayed 550000 tp log batches
2016.10.12D15:08:54.105688000 VERBOSE Replayed 551000 tp log batches
2016.10.12D15:08:54.107429000 VERBOSE Replayed 552000 tp log batches
2016.10.12D15:08:54.109144000 VERBOSE Replayed 553000 tp log batches
2016.10.12D15:08:54.110885000 VERBOSE Replayed 554000 tp log batches
2016.10.12D15:08:54.112593000 VERBOSE Replayed 555000 tp log batches
2016.10.12D15:08:54.115233000 VERBOSE Replayed 556000 tp log batches
2016.10.12D15:08:54.117295000 VERBOSE Replayed 557000 tp log batches
2016.10.12D15:08:54.119011000 VERBOSE Replayed 558000 tp log batches
2016.10.12D15:08:54.120795000 VERBOSE Replayed 559000 tp log batches
2016.10.12D15:08:54.122540000 VERBOSE Replayed 560000 tp log batches
2016.10.12D15:08:54.124258000 VERBOSE Replayed 561000 tp log batches
2016.10.12D15:08:54.126312000 VERBOSE Replayed 562000 tp log batches
2016.10.12D15:08:54.128330000 VERBOSE Replayed 563000 tp log batches
2016.10.12D15:08:54.130045000 VERBOSE Replayed 564000 tp log batches
2016.10.12D15:08:54.132048000 VERBOSE Replayed 565000 tp log batches
2016.10.12D15:08:54.134392000 VERBOSE Replayed 566000 tp log batches
2016.10.12D15:08:54.136135000 VERBOSE Replayed 567000 tp log batches
2016.10.12D15:08:54.137854000 VERBOSE Replayed 568000 tp log batches
2016.10.12D15:08:54.139598000 VERBOSE Replayed 569000 tp log batches
2016.10.12D15:08:54.141340000 VERBOSE Replayed 570000 tp log batches
2016.10.12D15:08:54.143052000 VERBOSE Replayed 571000 tp log batches
2016.10.12D15:08:54.144896000 VERBOSE Replayed 572000 tp log batches
2016.10.12D15:08:54.146921000 VERBOSE Replayed 573000 tp log batches
2016.10.12D15:08:54.149081000 VERBOSE Replayed 574000 tp log batches
2016.10.12D15:08:54.150829000 VERBOSE Replayed 575000 tp log batches
2016.10.12D15:08:54.152580000 VERBOSE Replayed 576000 tp log batches
2016.10.12D15:08:54.154322000 VERBOSE Replayed 577000 tp log batches
2016.10.12D15:08:54.156401000 VERBOSE Replayed 578000 tp log batches
2016.10.12D15:08:54.158257000 VERBOSE Replayed 579000 tp log batches
2016.10.12D15:08:54.160303000 VERBOSE Replayed 580000 tp log batches
2016.10.12D15:08:54.162232000 VERBOSE Replayed 581000 tp log batches
2016.10.12D15:08:54.164367000 VERBOSE Replayed 582000 tp log batches
2016.10.12D15:08:54.166526000 VERBOSE Replayed 583000 tp log batches
2016.10.12D15:08:54.168495000 VERBOSE Replayed 584000 tp log batches
2016.10.12D15:08:54.170246000 VERBOSE Replayed 585000 tp log batches
2016.10.12D15:08:54.171972000 VERBOSE Replayed 586000 tp log batches
2016.10.12D15:08:54.174019000 VERBOSE Replayed 587000 tp log batches
2016.10.12D15:08:54.176338000 VERBOSE Replayed 588000 tp log batches
2016.10.12D15:08:54.178335000 VERBOSE Replayed 589000 tp log batches
2016.10.12D15:08:54.180056000 VERBOSE Replayed 590000 tp log batches
2016.10.12D15:08:54.182167000 VERBOSE Replayed 591000 tp log batches
2016.10.12D15:08:54.184319000 VERBOSE Replayed 592000 tp log batches
2016.10.12D15:08:54.186471000 VERBOSE Replayed 593000 tp log batches
2016.10.12D15:08:54.188591000 VERBOSE Replayed 594000 tp log batches
2016.10.12D15:08:54.190313000 VERBOSE Replayed 595000 tp log batches
2016.10.12D15:08:54.192209000 VERBOSE Replayed 596000 tp log batches
2016.10.12D15:08:54.194765000 VERBOSE Replayed 597000 tp log batches
2016.10.12D15:08:54.196644000 VERBOSE Replayed 598000 tp log batches
2016.10.12D15:08:54.198396000 VERBOSE Replayed 599000 tp log batches
2016.10.12D15:08:54.200792000 VERBOSE Replayed 600000 tp log batches
2016.10.12D15:08:54.202893000 VERBOSE Replayed 601000 tp log batches
2016.10.12D15:08:54.205146000 VERBOSE Replayed 602000 tp log batches
2016.10.12D15:08:54.207401000 VERBOSE Replayed 603000 tp log batches
2016.10.12D15:08:54.209593000 VERBOSE Replayed 604000 tp log batches
2016.10.12D15:08:54.211518000 VERBOSE Replayed 605000 tp log batches
2016.10.12D15:08:54.213582000 VERBOSE Replayed 606000 tp log batches
2016.10.12D15:08:54.215599000 VERBOSE Replayed 607000 tp log batches
2016.10.12D15:08:54.217381000 VERBOSE Replayed 608000 tp log batches
2016.10.12D15:08:54.219264000 VERBOSE Replayed 609000 tp log batches
2016.10.12D15:08:54.221202000 VERBOSE Replayed 610000 tp log batches
2016.10.12D15:08:54.223154000 VERBOSE Replayed 611000 tp log batches
2016.10.12D15:08:54.224992000 VERBOSE Replayed 612000 tp log batches
2016.10.12D15:08:54.226861000 VERBOSE Replayed 613000 tp log batches
2016.10.12D15:08:54.229020000 VERBOSE Replayed 614000 tp log batches
2016.10.12D15:08:54.230874000 VERBOSE Replayed 615000 tp log batches
2016.10.12D15:08:54.232646000 VERBOSE Replayed 616000 tp log batches
2016.10.12D15:08:54.234413000 VERBOSE Replayed 617000 tp log batches
2016.10.12D15:08:54.236182000 VERBOSE Replayed 618000 tp log batches
2016.10.12D15:08:54.237942000 VERBOSE Replayed 619000 tp log batches
2016.10.12D15:08:54.239913000 VERBOSE Replayed 620000 tp log batches
2016.10.12D15:08:54.241798000 VERBOSE Replayed 621000 tp log batches
2016.10.12D15:08:54.243886000 VERBOSE Replayed 622000 tp log batches
2016.10.12D15:08:54.245732000 VERBOSE Replayed 623000 tp log batches
2016.10.12D15:08:54.247803000 VERBOSE Replayed 624000 tp log batches
2016.10.12D15:08:54.249850000 VERBOSE Replayed 625000 tp log batches
2016.10.12D15:08:54.251881000 VERBOSE Replayed 626000 tp log batches
2016.10.12D15:08:54.253866000 VERBOSE Replayed 627000 tp log batches
2016.10.12D15:08:54.255846000 VERBOSE Replayed 628000 tp log batches
2016.10.12D15:08:54.258048000 VERBOSE Replayed 629000 tp log batches
2016.10.12D15:08:54.260752000 VERBOSE Replayed 630000 tp log batches
2016.10.12D15:08:54.262644000 VERBOSE Replayed 631000 tp log batches
2016.10.12D15:08:54.264638000 VERBOSE Replayed 632000 tp log batches
2016.10.12D15:08:54.266700000 VERBOSE Replayed 633000 tp log batches
2016.10.12D15:08:54.268471000 VERBOSE Replayed 634000 tp log batches
2016.10.12D15:08:54.270402000 VERBOSE Replayed 635000 tp log batches
2016.10.12D15:08:54.272143000 VERBOSE Replayed 636000 tp log batches
2016.10.12D15:08:54.274222000 VERBOSE Replayed 637000 tp log batches
2016.10.12D15:08:54.276752000 VERBOSE Replayed 638000 tp log batches
2016.10.12D15:08:54.278737000 VERBOSE Replayed 639000 tp log batches
2016.10.12D15:08:54.280691000 VERBOSE Replayed 640000 tp log batches
2016.10.12D15:08:54.282822000 VERBOSE Replayed 641000 tp log batches
2016.10.12D15:08:54.284871000 VERBOSE Replayed 642000 tp log batches
2016.10.12D15:08:54.286980000 VERBOSE Replayed 643000 tp log batches
2016.10.12D15:08:54.289044000 VERBOSE Replayed 644000 tp log batches
2016.10.12D15:08:54.290911000 VERBOSE Replayed 645000 tp log batches
2016.10.12D15:08:54.293014000 VERBOSE Replayed 646000 tp log batches
2016.10.12D15:08:54.295237000 VERBOSE Replayed 647000 tp log batches
2016.10.12D15:08:54.297242000 VERBOSE Replayed 648000 tp log batches
2016.10.12D15:08:54.299062000 VERBOSE Replayed 649000 tp log batches
2016.10.12D15:08:54.300783000 VERBOSE Replayed 650000 tp log batches
2016.10.12D15:08:54.302530000 VERBOSE Replayed 651000 tp log batches
2016.10.12D15:08:54.304310000 VERBOSE Replayed 652000 tp log batches
2016.10.12D15:08:54.306026000 VERBOSE Replayed 653000 tp log batches
2016.10.12D15:08:54.307774000 VERBOSE Replayed 654000 tp log batches
2016.10.12D15:08:54.309493000 VERBOSE Replayed 655000 tp log batches
2016.10.12D15:08:54.311268000 VERBOSE Replayed 656000 tp log batches
2016.10.12D15:08:54.313009000 VERBOSE Replayed 657000 tp log batches
2016.10.12D15:08:54.315010000 VERBOSE Replayed 658000 tp log batches
2016.10.12D15:08:54.317095000 VERBOSE Replayed 659000 tp log batches
2016.10.12D15:08:54.319101000 VERBOSE Replayed 660000 tp log batches
2016.10.12D15:08:54.321252000 VERBOSE Replayed 661000 tp log batches
2016.10.12D15:08:54.323169000 VERBOSE Replayed 662000 tp log batches
2016.10.12D15:08:54.325123000 VERBOSE Replayed 663000 tp log batches
2016.10.12D15:08:54.327401000 VERBOSE Replayed 664000 tp log batches
2016.10.12D15:08:54.329491000 VERBOSE Replayed 665000 tp log batches
2016.10.12D15:08:54.332164000 VERBOSE Replayed 666000 tp log batches
2016.10.12D15:08:54.334228000 VERBOSE Replayed 667000 tp log batches
2016.10.12D15:08:54.335942000 VERBOSE Replayed 668000 tp log batches
2016.10.12D15:08:54.337728000 VERBOSE Replayed 669000 tp log batches
2016.10.12D15:08:54.340801000 VERBOSE Replayed 670000 tp log batches
2016.10.12D15:08:54.342849000 VERBOSE Replayed 671000 tp log batches
2016.10.12D15:08:54.345062000 VERBOSE Replayed 672000 tp log batches
2016.10.12D15:08:54.346902000 VERBOSE Replayed 673000 tp log batches
2016.10.12D15:08:54.348790000 VERBOSE Replayed 674000 tp log batches
2016.10.12D15:08:54.350975000 VERBOSE Replayed 675000 tp log batches
2016.10.12D15:08:54.352699000 VERBOSE Replayed 676000 tp log batches
2016.10.12D15:08:54.354449000 VERBOSE Replayed 677000 tp log batches
2016.10.12D15:08:54.356175000 VERBOSE Replayed 678000 tp log batches
2016.10.12D15:08:54.357920000 VERBOSE Replayed 679000 tp log batches
2016.10.12D15:08:54.359967000 VERBOSE Replayed 680000 tp log batches
2016.10.12D15:08:54.361884000 VERBOSE Replayed 681000 tp log batches
2016.10.12D15:08:54.364015000 VERBOSE Replayed 682000 tp log batches
2016.10.12D15:08:54.366388000 VERBOSE Replayed 683000 tp log batches
2016.10.12D15:08:54.368489000 VERBOSE Replayed 684000 tp log batches
2016.10.12D15:08:54.370476000 VERBOSE Replayed 685000 tp log batches
2016.10.12D15:08:54.372533000 VERBOSE Replayed 686000 tp log batches
2016.10.12D15:08:54.374549000 VERBOSE Replayed 687000 tp log batches
2016.10.12D15:08:54.376644000 VERBOSE Replayed 688000 tp log batches
2016.10.12D15:08:54.378782000 VERBOSE Replayed 689000 tp log batches
2016.10.12D15:08:54.380964000 VERBOSE Replayed 690000 tp log batches
2016.10.12D15:08:54.382935000 VERBOSE Replayed 691000 tp log batches
2016.10.12D15:08:54.384994000 VERBOSE Replayed 692000 tp log batches
2016.10.12D15:08:54.387297000 VERBOSE Replayed 693000 tp log batches
2016.10.12D15:08:54.389330000 VERBOSE Replayed 694000 tp log batches
2016.10.12D15:08:54.391523000 VERBOSE Replayed 695000 tp log batches
2016.10.12D15:08:54.393422000 VERBOSE Replayed 696000 tp log batches
2016.10.12D15:08:54.395329000 VERBOSE Replayed 697000 tp log batches
2016.10.12D15:08:54.397451000 VERBOSE Replayed 698000 tp log batches
2016.10.12D15:08:54.399625000 VERBOSE Replayed 699000 tp log batches
2016.10.12D15:08:54.402234000 VERBOSE Replayed 700000 tp log batches
2016.10.12D15:08:54.404304000 VERBOSE Replayed 701000 tp log batches
2016.10.12D15:08:54.406104000 VERBOSE Replayed 702000 tp log batches
2016.10.12D15:08:54.408060000 VERBOSE Replayed 703000 tp log batches
2016.10.12D15:08:54.410023000 VERBOSE Replayed 704000 tp log batches
2016.10.12D15:08:54.412193000 VERBOSE Replayed 705000 tp log batches
2016.10.12D15:08:54.413965000 VERBOSE Replayed 706000 tp log batches
2016.10.12D15:08:54.415730000 VERBOSE Replayed 707000 tp log batches
2016.10.12D15:08:54.417533000 VERBOSE Replayed 708000 tp log batches
2016.10.12D15:08:54.419301000 VERBOSE Replayed 709000 tp log batches
2016.10.12D15:08:54.421198000 VERBOSE Replayed 710000 tp log batches
2016.10.12D15:08:54.423171000 VERBOSE Replayed 711000 tp log batches
2016.10.12D15:08:54.424952000 VERBOSE Replayed 712000 tp log batches
2016.10.12D15:08:54.426980000 VERBOSE Replayed 713000 tp log batches
2016.10.12D15:08:54.429208000 VERBOSE Replayed 714000 tp log batches
2016.10.12D15:08:54.431327000 VERBOSE Replayed 715000 tp log batches
2016.10.12D15:08:54.433491000 VERBOSE Replayed 716000 tp log batches
2016.10.12D15:08:54.435686000 VERBOSE Replayed 717000 tp log batches
2016.10.12D15:08:54.437876000 VERBOSE Replayed 718000 tp log batches
2016.10.12D15:08:54.440079000 VERBOSE Replayed 719000 tp log batches
2016.10.12D15:08:54.441958000 VERBOSE Replayed 720000 tp log batches
2016.10.12D15:08:54.443725000 VERBOSE Replayed 721000 tp log batches
2016.10.12D15:08:54.445494000 VERBOSE Replayed 722000 tp log batches
2016.10.12D15:08:54.447296000 VERBOSE Replayed 723000 tp log batches
2016.10.12D15:08:54.449067000 VERBOSE Replayed 724000 tp log batches
2016.10.12D15:08:54.451058000 VERBOSE Replayed 725000 tp log batches
2016.10.12D15:08:54.452916000 VERBOSE Replayed 726000 tp log batches
2016.10.12D15:08:54.454660000 VERBOSE Replayed 727000 tp log batches
2016.10.12D15:08:54.456407000 VERBOSE Replayed 728000 tp log batches
2016.10.12D15:08:54.458265000 VERBOSE Replayed 729000 tp log batches
2016.10.12D15:08:54.460358000 VERBOSE Replayed 730000 tp log batches
2016.10.12D15:08:54.462472000 VERBOSE Replayed 731000 tp log batches
2016.10.12D15:08:54.464190000 VERBOSE Replayed 732000 tp log batches
2016.10.12D15:08:54.466251000 VERBOSE Replayed 733000 tp log batches
2016.10.12D15:08:54.467967000 VERBOSE Replayed 734000 tp log batches
2016.10.12D15:08:54.469711000 VERBOSE Replayed 735000 tp log batches
2016.10.12D15:08:54.471497000 VERBOSE Replayed 736000 tp log batches
2016.10.12D15:08:54.473211000 VERBOSE Replayed 737000 tp log batches
2016.10.12D15:08:54.474981000 VERBOSE Replayed 738000 tp log batches
2016.10.12D15:08:54.476700000 VERBOSE Replayed 739000 tp log batches
2016.10.12D15:08:54.478445000 VERBOSE Replayed 740000 tp log batches
2016.10.12D15:08:54.480162000 VERBOSE Replayed 741000 tp log batches
2016.10.12D15:08:54.481934000 VERBOSE Replayed 742000 tp log batches
2016.10.12D15:08:54.483676000 VERBOSE Replayed 743000 tp log batches
2016.10.12D15:08:54.485395000 VERBOSE Replayed 744000 tp log batches
2016.10.12D15:08:54.487134000 VERBOSE Replayed 745000 tp log batches
2016.10.12D15:08:54.488852000 VERBOSE Replayed 746000 tp log batches
2016.10.12D15:08:54.490561000 VERBOSE Replayed 747000 tp log batches
2016.10.12D15:08:54.492281000 VERBOSE Replayed 748000 tp log batches
2016.10.12D15:08:54.493992000 VERBOSE Replayed 749000 tp log batches
2016.10.12D15:08:54.495710000 VERBOSE Replayed 750000 tp log batches
2016.10.12D15:08:54.497429000 VERBOSE Replayed 751000 tp log batches
2016.10.12D15:08:54.499147000 VERBOSE Replayed 752000 tp log batches
2016.10.12D15:08:54.500866000 VERBOSE Replayed 753000 tp log batches
2016.10.12D15:08:54.502583000 VERBOSE Replayed 754000 tp log batches
2016.10.12D15:08:54.504327000 VERBOSE Replayed 755000 tp log batches
2016.10.12D15:08:54.506043000 VERBOSE Replayed 756000 tp log batches
2016.10.12D15:08:54.507759000 VERBOSE Replayed 757000 tp log batches
2016.10.12D15:08:54.509475000 VERBOSE Replayed 758000 tp log batches
2016.10.12D15:08:54.511190000 VERBOSE Replayed 759000 tp log batches
2016.10.12D15:08:54.512908000 VERBOSE Replayed 760000 tp log batches
2016.10.12D15:08:54.514678000 VERBOSE Replayed 761000 tp log batches
2016.10.12D15:08:54.516400000 VERBOSE Replayed 762000 tp log batches
2016.10.12D15:08:54.518169000 VERBOSE Replayed 763000 tp log batches
2016.10.12D15:08:54.519890000 VERBOSE Replayed 764000 tp log batches
2016.10.12D15:08:54.521660000 VERBOSE Replayed 765000 tp log batches
2016.10.12D15:08:54.523645000 VERBOSE Replayed 766000 tp log batches
2016.10.12D15:08:54.525359000 VERBOSE Replayed 767000 tp log batches
2016.10.12D15:08:54.527074000 VERBOSE Replayed 768000 tp log batches
2016.10.12D15:08:54.528783000 VERBOSE Replayed 769000 tp log batches
2016.10.12D15:08:54.530501000 VERBOSE Replayed 770000 tp log batches
2016.10.12D15:08:54.532249000 VERBOSE Replayed 771000 tp log batches
2016.10.12D15:08:54.533962000 VERBOSE Replayed 772000 tp log batches
2016.10.12D15:08:54.535676000 VERBOSE Replayed 773000 tp log batches
2016.10.12D15:08:54.537394000 VERBOSE Replayed 774000 tp log batches
2016.10.12D15:08:54.539108000 VERBOSE Replayed 775000 tp log batches
2016.10.12D15:08:54.540831000 VERBOSE Replayed 776000 tp log batches
2016.10.12D15:08:54.542548000 VERBOSE Replayed 777000 tp log batches
2016.10.12D15:08:54.544266000 VERBOSE Replayed 778000 tp log batches
2016.10.12D15:08:54.545979000 VERBOSE Replayed 779000 tp log batches
2016.10.12D15:08:54.547697000 VERBOSE Replayed 780000 tp log batches
2016.10.12D15:08:54.549410000 VERBOSE Replayed 781000 tp log batches
2016.10.12D15:08:54.551128000 VERBOSE Replayed 782000 tp log batches
2016.10.12D15:08:54.552841000 VERBOSE Replayed 783000 tp log batches
2016.10.12D15:08:54.554589000 VERBOSE Replayed 784000 tp log batches
2016.10.12D15:08:54.556307000 VERBOSE Replayed 785000 tp log batches
2016.10.12D15:08:54.558024000 VERBOSE Replayed 786000 tp log batches
2016.10.12D15:08:54.559739000 VERBOSE Replayed 787000 tp log batches
2016.10.12D15:08:54.561457000 VERBOSE Replayed 788000 tp log batches
2016.10.12D15:08:54.563170000 VERBOSE Replayed 789000 tp log batches
2016.10.12D15:08:54.564885000 VERBOSE Replayed 790000 tp log batches
2016.10.12D15:08:54.566660000 VERBOSE Replayed 791000 tp log batches
2016.10.12D15:08:54.568416000 VERBOSE Replayed 792000 tp log batches
2016.10.12D15:08:54.570131000 VERBOSE Replayed 793000 tp log batches
2016.10.12D15:08:54.571877000 VERBOSE Replayed 794000 tp log batches
2016.10.12D15:08:54.573591000 VERBOSE Replayed 795000 tp log batches
2016.10.12D15:08:54.575341000 VERBOSE Replayed 796000 tp log batches
2016.10.12D15:08:54.577056000 VERBOSE Replayed 797000 tp log batches
2016.10.12D15:08:54.578769000 VERBOSE Replayed 798000 tp log batches
2016.10.12D15:08:54.580786000 VERBOSE Replayed 799000 tp log batches
2016.10.12D15:08:54.582573000 VERBOSE Replayed 800000 tp log batches
2016.10.12D15:08:54.584292000 VERBOSE Replayed 801000 tp log batches
2016.10.12D15:08:54.586007000 VERBOSE Replayed 802000 tp log batches
2016.10.12D15:08:54.587724000 VERBOSE Replayed 803000 tp log batches
2016.10.12D15:08:54.589447000 VERBOSE Replayed 804000 tp log batches
2016.10.12D15:08:54.591160000 VERBOSE Replayed 805000 tp log batches
2016.10.12D15:08:54.592880000 VERBOSE Replayed 806000 tp log batches
2016.10.12D15:08:54.594597000 VERBOSE Replayed 807000 tp log batches
2016.10.12D15:08:54.596315000 VERBOSE Replayed 808000 tp log batches
2016.10.12D15:08:54.598025000 VERBOSE Replayed 809000 tp log batches
2016.10.12D15:08:54.599742000 VERBOSE Replayed 810000 tp log batches
2016.10.12D15:08:54.601452000 VERBOSE Replayed 811000 tp log batches
2016.10.12D15:08:54.603171000 VERBOSE Replayed 812000 tp log batches
2016.10.12D15:08:54.604913000 VERBOSE Replayed 813000 tp log batches
2016.10.12D15:08:54.606630000 VERBOSE Replayed 814000 tp log batches
2016.10.12D15:08:54.608342000 VERBOSE Replayed 815000 tp log batches
2016.10.12D15:08:54.610062000 VERBOSE Replayed 816000 tp log batches
2016.10.12D15:08:54.611774000 VERBOSE Replayed 817000 tp log batches
2016.10.12D15:08:54.613490000 VERBOSE Replayed 818000 tp log batches
2016.10.12D15:08:54.615203000 VERBOSE Replayed 819000 tp log batches
2016.10.12D15:08:54.616986000 VERBOSE Replayed 820000 tp log batches
2016.10.12D15:08:54.618705000 VERBOSE Replayed 821000 tp log batches
2016.10.12D15:08:54.620422000 VERBOSE Replayed 822000 tp log batches
2016.10.12D15:08:54.622136000 VERBOSE Replayed 823000 tp log batches
2016.10.12D15:08:54.623885000 VERBOSE Replayed 824000 tp log batches
2016.10.12D15:08:54.625601000 VERBOSE Replayed 825000 tp log batches
2016.10.12D15:08:54.627316000 VERBOSE Replayed 826000 tp log batches
2016.10.12D15:08:54.629033000 VERBOSE Replayed 827000 tp log batches
2016.10.12D15:08:54.630748000 VERBOSE Replayed 828000 tp log batches
2016.10.12D15:08:54.632480000 VERBOSE Replayed 829000 tp log batches
2016.10.12D15:08:54.634204000 VERBOSE Replayed 830000 tp log batches
2016.10.12D15:08:54.635921000 VERBOSE Replayed 831000 tp log batches
2016.10.12D15:08:54.637639000 VERBOSE Replayed 832000 tp log batches
2016.10.12D15:08:54.639570000 VERBOSE Replayed 833000 tp log batches
2016.10.12D15:08:54.641287000 VERBOSE Replayed 834000 tp log batches
2016.10.12D15:08:54.643002000 VERBOSE Replayed 835000 tp log batches
2016.10.12D15:08:54.644720000 VERBOSE Replayed 836000 tp log batches
2016.10.12D15:08:54.646435000 VERBOSE Replayed 837000 tp log batches
2016.10.12D15:08:54.648148000 VERBOSE Replayed 838000 tp log batches
2016.10.12D15:08:54.649867000 VERBOSE Replayed 839000 tp log batches
2016.10.12D15:08:54.651582000 VERBOSE Replayed 840000 tp log batches
2016.10.12D15:08:54.653298000 VERBOSE Replayed 841000 tp log batches
2016.10.12D15:08:54.655103000 VERBOSE Replayed 842000 tp log batches
2016.10.12D15:08:54.656852000 VERBOSE Replayed 843000 tp log batches
2016.10.12D15:08:54.658569000 VERBOSE Replayed 844000 tp log batches
2016.10.12D15:08:54.660314000 VERBOSE Replayed 845000 tp log batches
2016.10.12D15:08:54.662032000 VERBOSE Replayed 846000 tp log batches
2016.10.12D15:08:54.663748000 VERBOSE Replayed 847000 tp log batches
2016.10.12D15:08:54.665465000 VERBOSE Replayed 848000 tp log batches
2016.10.12D15:08:54.667179000 VERBOSE Replayed 849000 tp log batches
2016.10.12D15:08:54.668894000 VERBOSE Replayed 850000 tp log batches
2016.10.12D15:08:54.670611000 VERBOSE Replayed 851000 tp log batches
2016.10.12D15:08:54.672356000 VERBOSE Replayed 852000 tp log batches
2016.10.12D15:08:54.674068000 VERBOSE Replayed 853000 tp log batches
2016.10.12D15:08:54.675781000 VERBOSE Replayed 854000 tp log batches
2016.10.12D15:08:54.677503000 VERBOSE Replayed 855000 tp log batches
2016.10.12D15:08:54.679217000 VERBOSE Replayed 856000 tp log batches
2016.10.12D15:08:54.680930000 VERBOSE Replayed 857000 tp log batches
2016.10.12D15:08:54.682644000 VERBOSE Replayed 858000 tp log batches
2016.10.12D15:08:54.684362000 VERBOSE Replayed 859000 tp log batches
2016.10.12D15:08:54.686080000 VERBOSE Replayed 860000 tp log batches
2016.10.12D15:08:54.687797000 VERBOSE Replayed 861000 tp log batches
2016.10.12D15:08:54.689542000 VERBOSE Replayed 862000 tp log batches
2016.10.12D15:08:54.691261000 VERBOSE Replayed 863000 tp log batches
2016.10.12D15:08:54.692977000 VERBOSE Replayed 864000 tp log batches
2016.10.12D15:08:54.694692000 VERBOSE Replayed 865000 tp log batches
2016.10.12D15:08:54.696630000 VERBOSE Replayed 866000 tp log batches
2016.10.12D15:08:54.698348000 VERBOSE Replayed 867000 tp log batches
2016.10.12D15:08:54.700066000 VERBOSE Replayed 868000 tp log batches
2016.10.12D15:08:54.701781000 VERBOSE Replayed 869000 tp log batches
2016.10.12D15:08:54.703499000 VERBOSE Replayed 870000 tp log batches
2016.10.12D15:08:54.705245000 VERBOSE Replayed 871000 tp log batches
2016.10.12D15:08:54.706960000 VERBOSE Replayed 872000 tp log batches
2016.10.12D15:08:54.708677000 VERBOSE Replayed 873000 tp log batches
2016.10.12D15:08:54.710395000 VERBOSE Replayed 874000 tp log batches
2016.10.12D15:08:54.712112000 VERBOSE Replayed 875000 tp log batches
2016.10.12D15:08:54.713830000 VERBOSE Replayed 876000 tp log batches
2016.10.12D15:08:54.715568000 VERBOSE Replayed 877000 tp log batches
2016.10.12D15:08:54.717287000 VERBOSE Replayed 878000 tp log batches
2016.10.12D15:08:54.719003000 VERBOSE Replayed 879000 tp log batches
2016.10.12D15:08:54.720721000 VERBOSE Replayed 880000 tp log batches
2016.10.12D15:08:54.722437000 VERBOSE Replayed 881000 tp log batches
2016.10.12D15:08:54.724185000 VERBOSE Replayed 882000 tp log batches
2016.10.12D15:08:54.725902000 VERBOSE Replayed 883000 tp log batches
2016.10.12D15:08:54.727623000 VERBOSE Replayed 884000 tp log batches
2016.10.12D15:08:54.729339000 VERBOSE Replayed 885000 tp log batches
2016.10.12D15:08:54.731057000 VERBOSE Replayed 886000 tp log batches
2016.10.12D15:08:54.732772000 VERBOSE Replayed 887000 tp log batches
2016.10.12D15:08:54.734491000 VERBOSE Replayed 888000 tp log batches
2016.10.12D15:08:54.736211000 VERBOSE Replayed 889000 tp log batches
2016.10.12D15:08:54.737927000 VERBOSE Replayed 890000 tp log batches
2016.10.12D15:08:54.739647000 VERBOSE Replayed 891000 tp log batches
2016.10.12D15:08:54.741365000 VERBOSE Replayed 892000 tp log batches
2016.10.12D15:08:54.743077000 VERBOSE Replayed 893000 tp log batches
2016.10.12D15:08:54.744798000 VERBOSE Replayed 894000 tp log batches
2016.10.12D15:08:54.746514000 VERBOSE Replayed 895000 tp log batches
2016.10.12D15:08:54.748260000 VERBOSE Replayed 896000 tp log batches
2016.10.12D15:08:54.749962000 VERBOSE Replayed 897000 tp log batches
2016.10.12D15:08:54.751677000 VERBOSE Replayed 898000 tp log batches
2016.10.12D15:08:54.753605000 VERBOSE Replayed 899000 tp log batches
2016.10.12D15:08:54.755349000 VERBOSE Replayed 900000 tp log batches
2016.10.12D15:08:54.757065000 VERBOSE Replayed 901000 tp log batches
2016.10.12D15:08:54.758783000 VERBOSE Replayed 902000 tp log batches
2016.10.12D15:08:54.760503000 VERBOSE Replayed 903000 tp log batches
2016.10.12D15:08:54.762223000 VERBOSE Replayed 904000 tp log batches
2016.10.12D15:08:54.763939000 VERBOSE Replayed 905000 tp log batches
2016.10.12D15:08:54.765659000 VERBOSE Replayed 906000 tp log batches
2016.10.12D15:08:54.767378000 VERBOSE Replayed 907000 tp log batches
2016.10.12D15:08:54.769093000 VERBOSE Replayed 908000 tp log batches
2016.10.12D15:08:54.770809000 VERBOSE Replayed 909000 tp log batches
2016.10.12D15:08:54.772527000 VERBOSE Replayed 910000 tp log batches
2016.10.12D15:08:54.774272000 VERBOSE Replayed 911000 tp log batches
2016.10.12D15:08:54.775988000 VERBOSE Replayed 912000 tp log batches
2016.10.12D15:08:54.777704000 VERBOSE Replayed 913000 tp log batches
2016.10.12D15:08:54.779427000 VERBOSE Replayed 914000 tp log batches
2016.10.12D15:08:54.781137000 VERBOSE Replayed 915000 tp log batches
2016.10.12D15:08:54.782858000 VERBOSE Replayed 916000 tp log batches
2016.10.12D15:08:54.784571000 VERBOSE Replayed 917000 tp log batches
2016.10.12D15:08:54.786283000 VERBOSE Replayed 918000 tp log batches
2016.10.12D15:08:54.787998000 VERBOSE Replayed 919000 tp log batches
2016.10.12D15:08:54.789718000 VERBOSE Replayed 920000 tp log batches
2016.10.12D15:08:54.791436000 VERBOSE Replayed 921000 tp log batches
2016.10.12D15:08:54.793155000 VERBOSE Replayed 922000 tp log batches
2016.10.12D15:08:54.794874000 VERBOSE Replayed 923000 tp log batches
2016.10.12D15:08:54.796594000 VERBOSE Replayed 924000 tp log batches
2016.10.12D15:08:54.798313000 VERBOSE Replayed 925000 tp log batches
2016.10.12D15:08:54.800030000 VERBOSE Replayed 926000 tp log batches
2016.10.12D15:08:54.801742000 VERBOSE Replayed 927000 tp log batches
2016.10.12D15:08:54.803459000 VERBOSE Replayed 928000 tp log batches
2016.10.12D15:08:54.805198000 VERBOSE Replayed 929000 tp log batches
2016.10.12D15:08:54.806915000 VERBOSE Replayed 930000 tp log batches
2016.10.12D15:08:54.808631000 VERBOSE Replayed 931000 tp log batches
2016.10.12D15:08:54.810348000 VERBOSE Replayed 932000 tp log batches
2016.10.12D15:08:54.812053000 INFO listening on port 12331
2016.10.12D15:08:54.825965000 INFO my pid is 22696
2016.10.12D15:08:55.097044000 INFO received eod signal, next date will be 2016.10.13
2016.10.12D15:08:55.241363000 INFO persisted :/home/dhodgins/kdbrun/db/2016.10.12/trade/
2016.10.12D15:08:55.241395000 INFO reseting tables ,`trade
2016.10.12D15:08:55.241480000 INFO new connection request from dhodgins on handle 5
2016.10.12D15:10:11.836102000 INFO new connection request from dhodgins on handle 5
2016.10.12D15:10:11.940886000 INFO shutting down
conn                                state       readQueue sendQueue
-------------------------------------------------------------------
"nlocalhost:56844->localhost:12614" ESTABLISHED 0         0        
"n*:12331"                          LISTEN      0         0        
"nlocalhost:12331->localhost:30641" ESTABLISHED 0         0        
2016.10.12D15:10:11.941141000 INFO rm /home/dhodgins/kdbrun/pid/rdb.q.pid
